<?xml version="1.0" encoding="UTF-8" standalone="yes"?>
<testsuites name="shareablepreview" time="242" tests="1" failures="0" errors="2">
    <testsuite name="shareablepreview" tests="1" failures="0" errors="2" time="242" timestamp="2020-06-30 14:24:14" hostname="narendra.n - WLPT580.imidomain.com" id="Test Suites/shareablepreview">
        <properties>
            <property name="deviceName" value=""/>
            <property name="devicePlatform" value=""/>
            <property name="logFolder" value="D:\\IMIbot.ai-Project\\Reports\\20200630_142406\\shareablepreview\\20200630_142406"/>
            <property name="logFiles" value="D:\\IMIbot.ai-Project\\Reports\\20200630_142406\\shareablepreview\\20200630_142406\\execution0.log"/>
            <property name="attachments" value=""/>
            <property name="hostName" value="narendra.n - WLPT580.imidomain.com"/>
            <property name="os" value="Windows 8.1 64bit"/>
            <property name="katalonVersion" value="6.3.3.11"/>
            <property name="browser" value="Chrome 83.0.4103.116"/>
            <property name="hostAddress" value="192.168.1.2"/>
            <property name="sessionId" value="4535bbacb0c76d1cee833cbb18b0b054"/>
            <property name="seleniumVersion" value="3.141.59"/>
            <property name="proxyInformation" value="ProxyInformation{proxyOption=NO_PROXY, proxyServerType=HTTP, password=, proxyServerAddress=, proxyServerPort=0}"/>
            <property name="platform" value="Windows 8.1"/>
        </properties>
        <testcase name="Test Cases/SetUp/setUpCustomSyn_ShareablePreview1" classname="Test Cases/SetUp/setUpCustomSyn_ShareablePreview1" status="ERROR">
            <error type="ERROR" message="Test Cases/SetUp/setUpCustomSyn_ShareablePreview1 FAILED.&#xA;Reason:&#xA;org.codehaus.groovy.runtime.InvokerInvocationException: com.kms.katalon.core.webui.exception.WebElementNotFoundException: Web element with id: 'Object Repository/GenericII/trashIcon' located by 'By.xpath: //*[@class='gentemplateItem']/div/div/span[starts-with(@class,'fa fa-trash')]' not found&#xD;&#xA;&#x9;at platform.Method.invokeMethod(Method.groovy)&#xD;&#xA;&#x9;at com.kms.katalon.core.main.CustomKeywordDelegatingMetaClass.invokeStaticMethod(CustomKeywordDelegatingMetaClass.java:50)&#xD;&#xA;&#x9;at setUpCustomSyn_ShareablePreview1.run(setUpCustomSyn_ShareablePreview1:24)&#xD;&#xA;&#x9;at com.kms.katalon.core.main.ScriptEngine.run(ScriptEngine.java:194)&#xD;&#xA;&#x9;at com.kms.katalon.core.main.ScriptEngine.runScriptAsRawText(ScriptEngine.java:119)&#xD;&#xA;&#x9;at com.kms.katalon.core.main.TestCaseExecutor.runScript(TestCaseExecutor.java:337)&#xD;&#xA;&#x9;at com.kms.katalon.core.main.TestCaseExecutor.doExecute(TestCaseExecutor.java:328)&#xD;&#xA;&#x9;at com.kms.katalon.core.main.TestCaseExecutor.processExecutionPhase(TestCaseExecutor.java:307)&#xD;&#xA;&#x9;at com.kms.katalon.core.main.TestCaseExecutor.accessMainPhase(TestCaseExecutor.java:299)&#xD;&#xA;&#x9;at com.kms.katalon.core.main.TestCaseExecutor.execute(TestCaseExecutor.java:233)&#xD;&#xA;&#x9;at com.kms.katalon.core.main.TestSuiteExecutor.accessTestCaseMainPhase(TestSuiteExecutor.java:169)&#xD;&#xA;&#x9;at com.kms.katalon.core.main.TestSuiteExecutor.accessTestSuiteMainPhase(TestSuiteExecutor.java:142)&#xD;&#xA;&#x9;at com.kms.katalon.core.main.TestSuiteExecutor.execute(TestSuiteExecutor.java:91)&#xD;&#xA;&#x9;at com.kms.katalon.core.main.TestCaseMain.startTestSuite(TestCaseMain.java:157)&#xD;&#xA;&#x9;at com.kms.katalon.core.main.TestCaseMain$startTestSuite$0.call(Unknown Source)&#xD;&#xA;&#x9;at TempTestSuite1593507246361.run(TempTestSuite1593507246361.groovy:35)&#xD;&#xA;Caused by: com.kms.katalon.core.webui.exception.WebElementNotFoundException: Web element with id: 'Object Repository/GenericII/trashIcon' located by 'By.xpath: //*[@class='gentemplateItem']/div/div/span[starts-with(@class,'fa fa-trash')]' not found&#xD;&#xA;&#x9;at com.kms.katalon.core.webui.common.WebUiCommonHelper.findWebElement(WebUiCommonHelper.java:1097)&#xD;&#xA;&#x9;at com.kms.katalon.core.webui.common.WebUiCommonHelper$findWebElement.call(Unknown Source)&#xD;&#xA;&#x9;at platform.Response.clickOnElement(Response.groovy:29)&#xD;&#xA;&#x9;at platform.Response.addImage(Response.groovy:109)&#xD;&#xA;&#x9;... 16 more&#xD;&#xA;"/>
            <system-out>2020-06-30 14:24:14 - [TEST_CASE][ERROR] - Test Cases/SetUp/setUpCustomSyn_ShareablePreview1: Test Cases/SetUp/setUpCustomSyn_ShareablePreview1 FAILED.
Reason:
org.codehaus.groovy.runtime.InvokerInvocationException: com.kms.katalon.core.webui.exception.WebElementNotFoundException: Web element with id: 'Object Repository/GenericII/trashIcon' located by 'By.xpath: //*[@class='gentemplateItem']/div/div/span[starts-with(@class,'fa fa-trash')]' not found&#xD;
	at platform.Method.invokeMethod(Method.groovy)&#xD;
	at com.kms.katalon.core.main.CustomKeywordDelegatingMetaClass.invokeStaticMethod(CustomKeywordDelegatingMetaClass.java:50)&#xD;
	at setUpCustomSyn_ShareablePreview1.run(setUpCustomSyn_ShareablePreview1:24)&#xD;
	at com.kms.katalon.core.main.ScriptEngine.run(ScriptEngine.java:194)&#xD;
	at com.kms.katalon.core.main.ScriptEngine.runScriptAsRawText(ScriptEngine.java:119)&#xD;
	at com.kms.katalon.core.main.TestCaseExecutor.runScript(TestCaseExecutor.java:337)&#xD;
	at com.kms.katalon.core.main.TestCaseExecutor.doExecute(TestCaseExecutor.java:328)&#xD;
	at com.kms.katalon.core.main.TestCaseExecutor.processExecutionPhase(TestCaseExecutor.java:307)&#xD;
	at com.kms.katalon.core.main.TestCaseExecutor.accessMainPhase(TestCaseExecutor.java:299)&#xD;
	at com.kms.katalon.core.main.TestCaseExecutor.execute(TestCaseExecutor.java:233)&#xD;
	at com.kms.katalon.core.main.TestSuiteExecutor.accessTestCaseMainPhase(TestSuiteExecutor.java:169)&#xD;
	at com.kms.katalon.core.main.TestSuiteExecutor.accessTestSuiteMainPhase(TestSuiteExecutor.java:142)&#xD;
	at com.kms.katalon.core.main.TestSuiteExecutor.execute(TestSuiteExecutor.java:91)&#xD;
	at com.kms.katalon.core.main.TestCaseMain.startTestSuite(TestCaseMain.java:157)&#xD;
	at com.kms.katalon.core.main.TestCaseMain$startTestSuite$0.call(Unknown Source)&#xD;
	at TempTestSuite1593507246361.run(TempTestSuite1593507246361.groovy:35)&#xD;
Caused by: com.kms.katalon.core.webui.exception.WebElementNotFoundException: Web element with id: 'Object Repository/GenericII/trashIcon' located by 'By.xpath: //*[@class='gentemplateItem']/div/div/span[starts-with(@class,'fa fa-trash')]' not found&#xD;
	at com.kms.katalon.core.webui.common.WebUiCommonHelper.findWebElement(WebUiCommonHelper.java:1097)&#xD;
	at com.kms.katalon.core.webui.common.WebUiCommonHelper$findWebElement.call(Unknown Source)&#xD;
	at platform.Response.clickOnElement(Response.groovy:29)&#xD;
	at platform.Response.addImage(Response.groovy:109)&#xD;
	... 16 more&#xD;
&#xD;
&#xD;
2020-06-30 14:24:14 - [TEST_STEP][PASSED] - Start listener action : setUp: Current window maximized&#xD;
&#xD;
2020-06-30 14:24:14 - [TEST_STEP][PASSED] - openBrowser(URL): Browser is opened with url: 'staging.imibot.ai'&#xD;
&#xD;
2020-06-30 14:24:16 - [MESSAGE][INFO] - Starting 'Chrome' driver&#xD;
&#xD;
2020-06-30 14:24:16 - [MESSAGE][INFO] - User set preference: ['args', '[--start-maximized]']&#xD;
&#xD;
2020-06-30 14:24:16 - [MESSAGE][INFO] - Action delay is set to 1 seconds&#xD;
&#xD;
2020-06-30 14:24:37 - [MESSAGE][PASSED] - Browser is opened with url: 'staging.imibot.ai'&#xD;
&#xD;
2020-06-30 14:24:37 - [TEST_STEP][PASSED] - maximizeWindow(): Current window maximized&#xD;
&#xD;
2020-06-30 14:24:39 - [MESSAGE][PASSED] - Current window maximized&#xD;
&#xD;
2020-06-30 14:24:40 - [TEST_STEP][PASSED] - callTestCase(findTestCase("Faqbot/botCreation_Test"), ["nameOfTheBot":PREVIEW_BOT], STOP_ON_FAILURE): Call Test Case 'Test Cases/Faqbot/botCreation_Test' successfully&#xD;
&#xD;
2020-06-30 14:24:40 - [TEST_CASE][PASSED] - Test Cases/Faqbot/botCreation_Test: Test Cases/Faqbot/botCreation_Test&#xD;
&#xD;
2020-06-30 14:24:41 - [TEST_STEP][PASSED] - callTestCase(findTestCase("Generic/successfulLogin_Test"), [:], STOP_ON_FAILURE): Call Test Case 'Test Cases/Generic/successfulLogin_Test' successfully&#xD;
&#xD;
2020-06-30 14:24:41 - [TEST_CASE][PASSED] - Test Cases/Generic/successfulLogin_Test: Test Cases/Generic/successfulLogin_Test&#xD;
&#xD;
2020-06-30 14:24:41 - [TEST_STEP][PASSED] - sendKeys(findTestObject("Input/username"), username): Keys 'narendra.n@imimobile.com' sent to object: 'Object Repository/Input/username'&#xD;
&#xD;
2020-06-30 14:24:44 - [MESSAGE][PASSED] - Keys 'narendra.n@imimobile.com' sent to object: 'Object Repository/Input/username'&#xD;
&#xD;
2020-06-30 14:24:44 - [TEST_STEP][PASSED] - sendKeys(findTestObject("Input/password"), password): Keys 'Test@2020' sent to object: 'Object Repository/Input/password'&#xD;
&#xD;
2020-06-30 14:24:47 - [MESSAGE][PASSED] - Keys 'Test@2020' sent to object: 'Object Repository/Input/password'&#xD;
&#xD;
2020-06-30 14:24:47 - [TEST_STEP][PASSED] - click(findTestObject("Button/signIn")): Object: 'Object Repository/Button/signIn' is clicked on&#xD;
&#xD;
2020-06-30 14:24:50 - [MESSAGE][PASSED] - Object: 'Object Repository/Button/signIn' is clicked on&#xD;
&#xD;
2020-06-30 14:24:50 - [TEST_STEP][PASSED] - if (!(waitForElementPresent(findTestObject("Button/createBot"), 30, OPTIONAL))): Object 'Object Repository/Button/createBot' is present&#xD;
&#xD;
2020-06-30 14:25:07 - [MESSAGE][PASSED] - Object 'Object Repository/Button/createBot' is present&#xD;
&#xD;
2020-06-30 14:25:07 - [MESSAGE][PASSED] - Call Test Case 'Test Cases/Generic/successfulLogin_Test' successfully&#xD;
&#xD;
2020-06-30 14:25:07 - [TEST_STEP][PASSED] - platform.Method.clickOnElement(findTestObject("Button/createBot")): platform.Method.clickOnElement is PASSED&#xD;
&#xD;
2020-06-30 14:25:10 - [MESSAGE][PASSED] - platform.Method.clickOnElement is PASSED&#xD;
&#xD;
2020-06-30 14:25:10 - [TEST_STEP][PASSED] - sendKeys(findTestObject("Input/botName"), nameOfTheBot): Keys 'Assistant BOT FAQ' sent to object: 'Object Repository/Input/botName'&#xD;
&#xD;
2020-06-30 14:25:13 - [MESSAGE][PASSED] - Keys 'Assistant BOT FAQ' sent to object: 'Object Repository/Input/botName'&#xD;
&#xD;
2020-06-30 14:25:13 - [TEST_STEP][PASSED] - platform.Method.clickOnElement(findTestObject("Toggle/feedback")): platform.Method.clickOnElement is PASSED&#xD;
&#xD;
2020-06-30 14:25:16 - [MESSAGE][PASSED] - platform.Method.clickOnElement is PASSED&#xD;
&#xD;
2020-06-30 14:25:16 - [TEST_STEP][PASSED] - platform.Method.clickOnElement(findTestObject("Button/done")): platform.Method.clickOnElement is PASSED&#xD;
&#xD;
2020-06-30 14:25:18 - [MESSAGE][PASSED] - platform.Method.clickOnElement is PASSED&#xD;
&#xD;
2020-06-30 14:25:18 - [TEST_STEP][PASSED] - waitForElementVisible(findTestObject("Generic/articleState"), 45, OPTIONAL): Object 'Object Repository/Generic/articleState' is visible&#xD;
&#xD;
2020-06-30 14:25:29 - [MESSAGE][PASSED] - Object 'Object Repository/Generic/articleState' is visible&#xD;
&#xD;
2020-06-30 14:25:29 - [TEST_STEP][PASSED] - verifyElementText(findTestObject("Generic/articleState"), "Trained", STOP_ON_FAILURE): Actual text and expected text of test object 'Object Repository/Generic/articleState' are matched.&#xD;
&#xD;
2020-06-30 14:25:31 - [MESSAGE][PASSED] - Actual text and expected text of test object 'Object Repository/Generic/articleState' are matched.&#xD;
&#xD;
2020-06-30 14:25:31 - [MESSAGE][PASSED] - Call Test Case 'Test Cases/Faqbot/botCreation_Test' successfully&#xD;
&#xD;
2020-06-30 14:25:31 - [TEST_STEP][PASSED] - testData = findTestData("Data Files/testData_Dummy"): null&#xD;
&#xD;
2020-06-30 14:25:35 - [TEST_STEP][PASSED] - platform.Method.clickOnElement(findTestObject("GenericII/minimize")): platform.Method.clickOnElement is PASSED&#xD;
&#xD;
2020-06-30 14:25:38 - [MESSAGE][PASSED] - platform.Method.clickOnElement is PASSED&#xD;
&#xD;
2020-06-30 14:25:38 - [TEST_STEP][PASSED] - platform.Articles.createNewArticle(testData, testData.getValue("article_default_question", 1)): platform.Articles.createNewArticle is PASSED&#xD;
&#xD;
2020-06-30 14:25:44 - [MESSAGE][PASSED] - Keys 'I'm not feeling good ' sent to object: 'Object Repository/Input/defaultQuestion'&#xD;
&#xD;
2020-06-30 14:25:44 - [MESSAGE][PASSED] - platform.Articles.createNewArticle is PASSED&#xD;
&#xD;
2020-06-30 14:25:44 - [TEST_STEP][ERROR] - platform.Response.addImage(true, testData.getValue("image_url", 1)): com.kms.katalon.core.webui.exception.WebElementNotFoundException: Web element with id: 'Object Repository/GenericII/trashIcon' located by 'By.xpath: //*[@class='gentemplateItem']/div/div/span[starts-with(@class,'fa fa-trash')]' not found&#xD;
&#xD;
2020-06-30 14:25:50 - [MESSAGE][INFO] - Unable to find the element located by 'By.xpath: //*[@class='gentemplateItem']/div/div/span[starts-with(@class,'fa fa-trash')]'. Please recheck the objects properties to make sure the desired element is located. &#xD;
&#xD;
2020-06-30 14:25:50 - [MESSAGE][ERROR] - com.kms.katalon.core.webui.exception.WebElementNotFoundException: Web element with id: 'Object Repository/GenericII/trashIcon' located by 'By.xpath: //*[@class='gentemplateItem']/div/div/span[starts-with(@class,'fa fa-trash')]' not found</system-out>
            <system-err>2020-06-30 14:24:14 - [TEST_CASE][ERROR] - Test Cases/SetUp/setUpCustomSyn_ShareablePreview1: Test Cases/SetUp/setUpCustomSyn_ShareablePreview1 FAILED.
Reason:
org.codehaus.groovy.runtime.InvokerInvocationException: com.kms.katalon.core.webui.exception.WebElementNotFoundException: Web element with id: 'Object Repository/GenericII/trashIcon' located by 'By.xpath: //*[@class='gentemplateItem']/div/div/span[starts-with(@class,'fa fa-trash')]' not found&#xD;
	at platform.Method.invokeMethod(Method.groovy)&#xD;
	at com.kms.katalon.core.main.CustomKeywordDelegatingMetaClass.invokeStaticMethod(CustomKeywordDelegatingMetaClass.java:50)&#xD;
	at setUpCustomSyn_ShareablePreview1.run(setUpCustomSyn_ShareablePreview1:24)&#xD;
	at com.kms.katalon.core.main.ScriptEngine.run(ScriptEngine.java:194)&#xD;
	at com.kms.katalon.core.main.ScriptEngine.runScriptAsRawText(ScriptEngine.java:119)&#xD;
	at com.kms.katalon.core.main.TestCaseExecutor.runScript(TestCaseExecutor.java:337)&#xD;
	at com.kms.katalon.core.main.TestCaseExecutor.doExecute(TestCaseExecutor.java:328)&#xD;
	at com.kms.katalon.core.main.TestCaseExecutor.processExecutionPhase(TestCaseExecutor.java:307)&#xD;
	at com.kms.katalon.core.main.TestCaseExecutor.accessMainPhase(TestCaseExecutor.java:299)&#xD;
	at com.kms.katalon.core.main.TestCaseExecutor.execute(TestCaseExecutor.java:233)&#xD;
	at com.kms.katalon.core.main.TestSuiteExecutor.accessTestCaseMainPhase(TestSuiteExecutor.java:169)&#xD;
	at com.kms.katalon.core.main.TestSuiteExecutor.accessTestSuiteMainPhase(TestSuiteExecutor.java:142)&#xD;
	at com.kms.katalon.core.main.TestSuiteExecutor.execute(TestSuiteExecutor.java:91)&#xD;
	at com.kms.katalon.core.main.TestCaseMain.startTestSuite(TestCaseMain.java:157)&#xD;
	at com.kms.katalon.core.main.TestCaseMain$startTestSuite$0.call(Unknown Source)&#xD;
	at TempTestSuite1593507246361.run(TempTestSuite1593507246361.groovy:35)&#xD;
Caused by: com.kms.katalon.core.webui.exception.WebElementNotFoundException: Web element with id: 'Object Repository/GenericII/trashIcon' located by 'By.xpath: //*[@class='gentemplateItem']/div/div/span[starts-with(@class,'fa fa-trash')]' not found&#xD;
	at com.kms.katalon.core.webui.common.WebUiCommonHelper.findWebElement(WebUiCommonHelper.java:1097)&#xD;
	at com.kms.katalon.core.webui.common.WebUiCommonHelper$findWebElement.call(Unknown Source)&#xD;
	at platform.Response.clickOnElement(Response.groovy:29)&#xD;
	at platform.Response.addImage(Response.groovy:109)&#xD;
	... 16 more</system-err>
        </testcase>
        <testcase name="Test Cases/SetUp/setUpCustomSyn_ShareablePreview2" classname="Test Cases/SetUp/setUpCustomSyn_ShareablePreview2" status="ERROR">
            <error type="ERROR" message="Test Cases/SetUp/setUpCustomSyn_ShareablePreview2 FAILED.&#xA;Reason:&#xA;org.codehaus.groovy.runtime.InvokerInvocationException: com.kms.katalon.core.webui.exception.WebElementNotFoundException: Web element with id: 'Object Repository/GenericII/trashIcon' located by 'By.xpath: //*[@class='gentemplateItem']/div/div/span[starts-with(@class,'fa fa-trash')]' not found&#xD;&#xA;&#x9;at platform.Method.invokeMethod(Method.groovy)&#xD;&#xA;&#x9;at com.kms.katalon.core.main.CustomKeywordDelegatingMetaClass.invokeStaticMethod(CustomKeywordDelegatingMetaClass.java:50)&#xD;&#xA;&#x9;at setUpCustomSyn_ShareablePreview2.run(setUpCustomSyn_ShareablePreview2:26)&#xD;&#xA;&#x9;at com.kms.katalon.core.main.ScriptEngine.run(ScriptEngine.java:194)&#xD;&#xA;&#x9;at com.kms.katalon.core.main.ScriptEngine.runScriptAsRawText(ScriptEngine.java:119)&#xD;&#xA;&#x9;at com.kms.katalon.core.main.TestCaseExecutor.runScript(TestCaseExecutor.java:337)&#xD;&#xA;&#x9;at com.kms.katalon.core.main.TestCaseExecutor.doExecute(TestCaseExecutor.java:328)&#xD;&#xA;&#x9;at com.kms.katalon.core.main.TestCaseExecutor.processExecutionPhase(TestCaseExecutor.java:307)&#xD;&#xA;&#x9;at com.kms.katalon.core.main.TestCaseExecutor.accessMainPhase(TestCaseExecutor.java:299)&#xD;&#xA;&#x9;at com.kms.katalon.core.main.TestCaseExecutor.execute(TestCaseExecutor.java:233)&#xD;&#xA;&#x9;at com.kms.katalon.core.main.TestSuiteExecutor.accessTestCaseMainPhase(TestSuiteExecutor.java:169)&#xD;&#xA;&#x9;at com.kms.katalon.core.main.TestSuiteExecutor.accessTestSuiteMainPhase(TestSuiteExecutor.java:142)&#xD;&#xA;&#x9;at com.kms.katalon.core.main.TestSuiteExecutor.execute(TestSuiteExecutor.java:91)&#xD;&#xA;&#x9;at com.kms.katalon.core.main.TestCaseMain.startTestSuite(TestCaseMain.java:157)&#xD;&#xA;&#x9;at com.kms.katalon.core.main.TestCaseMain$startTestSuite$0.call(Unknown Source)&#xD;&#xA;&#x9;at TempTestSuite1593507246361.run(TempTestSuite1593507246361.groovy:35)&#xD;&#xA;Caused by: com.kms.katalon.core.webui.exception.WebElementNotFoundException: Web element with id: 'Object Repository/GenericII/trashIcon' located by 'By.xpath: //*[@class='gentemplateItem']/div/div/span[starts-with(@class,'fa fa-trash')]' not found&#xD;&#xA;&#x9;at com.kms.katalon.core.webui.common.WebUiCommonHelper.findWebElement(WebUiCommonHelper.java:1097)&#xD;&#xA;&#x9;at com.kms.katalon.core.webui.common.WebUiCommonHelper$findWebElement.call(Unknown Source)&#xD;&#xA;&#x9;at platform.Response.clickOnElement(Response.groovy:29)&#xD;&#xA;&#x9;at platform.Response.addCarousel(Response.groovy:54)&#xD;&#xA;&#x9;... 16 more&#xD;&#xA;"/>
            <system-out>2020-06-30 14:25:50 - [TEST_CASE][ERROR] - Test Cases/SetUp/setUpCustomSyn_ShareablePreview2: Test Cases/SetUp/setUpCustomSyn_ShareablePreview2 FAILED.
Reason:
org.codehaus.groovy.runtime.InvokerInvocationException: com.kms.katalon.core.webui.exception.WebElementNotFoundException: Web element with id: 'Object Repository/GenericII/trashIcon' located by 'By.xpath: //*[@class='gentemplateItem']/div/div/span[starts-with(@class,'fa fa-trash')]' not found&#xD;
	at platform.Method.invokeMethod(Method.groovy)&#xD;
	at com.kms.katalon.core.main.CustomKeywordDelegatingMetaClass.invokeStaticMethod(CustomKeywordDelegatingMetaClass.java:50)&#xD;
	at setUpCustomSyn_ShareablePreview2.run(setUpCustomSyn_ShareablePreview2:26)&#xD;
	at com.kms.katalon.core.main.ScriptEngine.run(ScriptEngine.java:194)&#xD;
	at com.kms.katalon.core.main.ScriptEngine.runScriptAsRawText(ScriptEngine.java:119)&#xD;
	at com.kms.katalon.core.main.TestCaseExecutor.runScript(TestCaseExecutor.java:337)&#xD;
	at com.kms.katalon.core.main.TestCaseExecutor.doExecute(TestCaseExecutor.java:328)&#xD;
	at com.kms.katalon.core.main.TestCaseExecutor.processExecutionPhase(TestCaseExecutor.java:307)&#xD;
	at com.kms.katalon.core.main.TestCaseExecutor.accessMainPhase(TestCaseExecutor.java:299)&#xD;
	at com.kms.katalon.core.main.TestCaseExecutor.execute(TestCaseExecutor.java:233)&#xD;
	at com.kms.katalon.core.main.TestSuiteExecutor.accessTestCaseMainPhase(TestSuiteExecutor.java:169)&#xD;
	at com.kms.katalon.core.main.TestSuiteExecutor.accessTestSuiteMainPhase(TestSuiteExecutor.java:142)&#xD;
	at com.kms.katalon.core.main.TestSuiteExecutor.execute(TestSuiteExecutor.java:91)&#xD;
	at com.kms.katalon.core.main.TestCaseMain.startTestSuite(TestCaseMain.java:157)&#xD;
	at com.kms.katalon.core.main.TestCaseMain$startTestSuite$0.call(Unknown Source)&#xD;
	at TempTestSuite1593507246361.run(TempTestSuite1593507246361.groovy:35)&#xD;
Caused by: com.kms.katalon.core.webui.exception.WebElementNotFoundException: Web element with id: 'Object Repository/GenericII/trashIcon' located by 'By.xpath: //*[@class='gentemplateItem']/div/div/span[starts-with(@class,'fa fa-trash')]' not found&#xD;
	at com.kms.katalon.core.webui.common.WebUiCommonHelper.findWebElement(WebUiCommonHelper.java:1097)&#xD;
	at com.kms.katalon.core.webui.common.WebUiCommonHelper$findWebElement.call(Unknown Source)&#xD;
	at platform.Response.clickOnElement(Response.groovy:29)&#xD;
	at platform.Response.addCarousel(Response.groovy:54)&#xD;
	... 16 more&#xD;
&#xD;
&#xD;
2020-06-30 14:25:50 - [TEST_STEP][PASSED] - Start listener action : setUp: Current window maximized&#xD;
&#xD;
2020-06-30 14:25:50 - [TEST_STEP][PASSED] - openBrowser(URL): Browser is opened with url: 'staging.imibot.ai'&#xD;
&#xD;
2020-06-30 14:25:50 - [MESSAGE][WARNING] - A browser is already opened. Closing browser and opening a new one&#xD;
&#xD;
2020-06-30 14:25:52 - [MESSAGE][INFO] - Starting 'Chrome' driver&#xD;
&#xD;
2020-06-30 14:25:52 - [MESSAGE][INFO] - User set preference: ['args', '[--start-maximized]']&#xD;
&#xD;
2020-06-30 14:26:05 - [MESSAGE][PASSED] - Browser is opened with url: 'staging.imibot.ai'&#xD;
&#xD;
2020-06-30 14:26:05 - [TEST_STEP][PASSED] - maximizeWindow(): Current window maximized&#xD;
&#xD;
2020-06-30 14:26:08 - [MESSAGE][PASSED] - Current window maximized&#xD;
&#xD;
2020-06-30 14:26:08 - [TEST_STEP][PASSED] - callTestCase(findTestCase("Generic/successfulLogin_Test"), [:], STOP_ON_FAILURE): Call Test Case 'Test Cases/Generic/successfulLogin_Test' successfully&#xD;
&#xD;
2020-06-30 14:26:09 - [TEST_CASE][PASSED] - Test Cases/Generic/successfulLogin_Test: Test Cases/Generic/successfulLogin_Test&#xD;
&#xD;
2020-06-30 14:26:09 - [TEST_STEP][PASSED] - sendKeys(findTestObject("Input/username"), username): Keys 'narendra.n@imimobile.com' sent to object: 'Object Repository/Input/username'&#xD;
&#xD;
2020-06-30 14:26:12 - [MESSAGE][PASSED] - Keys 'narendra.n@imimobile.com' sent to object: 'Object Repository/Input/username'&#xD;
&#xD;
2020-06-30 14:26:12 - [TEST_STEP][PASSED] - sendKeys(findTestObject("Input/password"), password): Keys 'Test@2020' sent to object: 'Object Repository/Input/password'&#xD;
&#xD;
2020-06-30 14:26:15 - [MESSAGE][PASSED] - Keys 'Test@2020' sent to object: 'Object Repository/Input/password'&#xD;
&#xD;
2020-06-30 14:26:15 - [TEST_STEP][PASSED] - click(findTestObject("Button/signIn")): Object: 'Object Repository/Button/signIn' is clicked on&#xD;
&#xD;
2020-06-30 14:26:17 - [MESSAGE][PASSED] - Object: 'Object Repository/Button/signIn' is clicked on&#xD;
&#xD;
2020-06-30 14:26:17 - [TEST_STEP][PASSED] - if (!(waitForElementPresent(findTestObject("Button/createBot"), 30, OPTIONAL))): Object 'Object Repository/Button/createBot' is present&#xD;
&#xD;
2020-06-30 14:26:35 - [MESSAGE][PASSED] - Object 'Object Repository/Button/createBot' is present&#xD;
&#xD;
2020-06-30 14:26:35 - [MESSAGE][PASSED] - Call Test Case 'Test Cases/Generic/successfulLogin_Test' successfully&#xD;
&#xD;
2020-06-30 14:26:35 - [TEST_STEP][PASSED] - platform.Method.navigateToBot("Q&amp;A bots", PREVIEW_BOT): platform.Method.navigateToBot is PASSED&#xD;
&#xD;
2020-06-30 14:26:36 - [MESSAGE][PASSED] - Object 'Object Repository/Button/createBot' is present&#xD;
&#xD;
2020-06-30 14:26:38 - [MESSAGE][INFO] - Performing click action on bot&#xD;
&#xD;
2020-06-30 14:26:41 - [MESSAGE][PASSED] - platform.Method.navigateToBot is PASSED&#xD;
&#xD;
2020-06-30 14:26:41 - [TEST_STEP][PASSED] - platform.Method.clickOnElement(findTestObject("Generic/articles")): platform.Method.clickOnElement is PASSED&#xD;
&#xD;
2020-06-30 14:26:46 - [MESSAGE][PASSED] - platform.Method.clickOnElement is PASSED&#xD;
&#xD;
2020-06-30 14:26:46 - [TEST_STEP][PASSED] - testData = findTestData("Data Files/testData_Dummy"): null&#xD;
&#xD;
2020-06-30 14:26:47 - [TEST_STEP][PASSED] - platform.Articles.createNewArticle(testData, testData.getValue("carousel_question", 1)): platform.Articles.createNewArticle is PASSED&#xD;
&#xD;
2020-06-30 14:26:54 - [MESSAGE][PASSED] - Keys 'show me all service type apartment' sent to object: 'Object Repository/Input/defaultQuestion'&#xD;
&#xD;
2020-06-30 14:26:54 - [MESSAGE][PASSED] - platform.Articles.createNewArticle is PASSED&#xD;
&#xD;
2020-06-30 14:26:54 - [TEST_STEP][ERROR] - platform.Response.addCarousel(true): com.kms.katalon.core.webui.exception.WebElementNotFoundException: Web element with id: 'Object Repository/GenericII/trashIcon' located by 'By.xpath: //*[@class='gentemplateItem']/div/div/span[starts-with(@class,'fa fa-trash')]' not found&#xD;
&#xD;
2020-06-30 14:27:00 - [MESSAGE][INFO] - Unable to find the element located by 'By.xpath: //*[@class='gentemplateItem']/div/div/span[starts-with(@class,'fa fa-trash')]'. Please recheck the objects properties to make sure the desired element is located. &#xD;
&#xD;
2020-06-30 14:27:00 - [MESSAGE][ERROR] - com.kms.katalon.core.webui.exception.WebElementNotFoundException: Web element with id: 'Object Repository/GenericII/trashIcon' located by 'By.xpath: //*[@class='gentemplateItem']/div/div/span[starts-with(@class,'fa fa-trash')]' not found</system-out>
            <system-err>2020-06-30 14:25:50 - [TEST_CASE][ERROR] - Test Cases/SetUp/setUpCustomSyn_ShareablePreview2: Test Cases/SetUp/setUpCustomSyn_ShareablePreview2 FAILED.
Reason:
org.codehaus.groovy.runtime.InvokerInvocationException: com.kms.katalon.core.webui.exception.WebElementNotFoundException: Web element with id: 'Object Repository/GenericII/trashIcon' located by 'By.xpath: //*[@class='gentemplateItem']/div/div/span[starts-with(@class,'fa fa-trash')]' not found&#xD;
	at platform.Method.invokeMethod(Method.groovy)&#xD;
	at com.kms.katalon.core.main.CustomKeywordDelegatingMetaClass.invokeStaticMethod(CustomKeywordDelegatingMetaClass.java:50)&#xD;
	at setUpCustomSyn_ShareablePreview2.run(setUpCustomSyn_ShareablePreview2:26)&#xD;
	at com.kms.katalon.core.main.ScriptEngine.run(ScriptEngine.java:194)&#xD;
	at com.kms.katalon.core.main.ScriptEngine.runScriptAsRawText(ScriptEngine.java:119)&#xD;
	at com.kms.katalon.core.main.TestCaseExecutor.runScript(TestCaseExecutor.java:337)&#xD;
	at com.kms.katalon.core.main.TestCaseExecutor.doExecute(TestCaseExecutor.java:328)&#xD;
	at com.kms.katalon.core.main.TestCaseExecutor.processExecutionPhase(TestCaseExecutor.java:307)&#xD;
	at com.kms.katalon.core.main.TestCaseExecutor.accessMainPhase(TestCaseExecutor.java:299)&#xD;
	at com.kms.katalon.core.main.TestCaseExecutor.execute(TestCaseExecutor.java:233)&#xD;
	at com.kms.katalon.core.main.TestSuiteExecutor.accessTestCaseMainPhase(TestSuiteExecutor.java:169)&#xD;
	at com.kms.katalon.core.main.TestSuiteExecutor.accessTestSuiteMainPhase(TestSuiteExecutor.java:142)&#xD;
	at com.kms.katalon.core.main.TestSuiteExecutor.execute(TestSuiteExecutor.java:91)&#xD;
	at com.kms.katalon.core.main.TestCaseMain.startTestSuite(TestCaseMain.java:157)&#xD;
	at com.kms.katalon.core.main.TestCaseMain$startTestSuite$0.call(Unknown Source)&#xD;
	at TempTestSuite1593507246361.run(TempTestSuite1593507246361.groovy:35)&#xD;
Caused by: com.kms.katalon.core.webui.exception.WebElementNotFoundException: Web element with id: 'Object Repository/GenericII/trashIcon' located by 'By.xpath: //*[@class='gentemplateItem']/div/div/span[starts-with(@class,'fa fa-trash')]' not found&#xD;
	at com.kms.katalon.core.webui.common.WebUiCommonHelper.findWebElement(WebUiCommonHelper.java:1097)&#xD;
	at com.kms.katalon.core.webui.common.WebUiCommonHelper$findWebElement.call(Unknown Source)&#xD;
	at platform.Response.clickOnElement(Response.groovy:29)&#xD;
	at platform.Response.addCarousel(Response.groovy:54)&#xD;
	... 16 more</system-err>
        </testcase>
        <testcase name="Test Cases/SetUp/setUpCustomSyn_ShareablePreview3" classname="Test Cases/SetUp/setUpCustomSyn_ShareablePreview3" status="PASSED">
            <system-out>2020-06-30 14:27:00 - [TEST_CASE][PASSED] - Test Cases/SetUp/setUpCustomSyn_ShareablePreview3: Test Cases/SetUp/setUpCustomSyn_ShareablePreview3&#xD;
&#xD;
2020-06-30 14:27:00 - [TEST_STEP][PASSED] - Start listener action : setUp: Current window maximized&#xD;
&#xD;
2020-06-30 14:27:00 - [TEST_STEP][PASSED] - openBrowser(URL): Browser is opened with url: 'staging.imibot.ai'&#xD;
&#xD;
2020-06-30 14:27:00 - [MESSAGE][WARNING] - A browser is already opened. Closing browser and opening a new one&#xD;
&#xD;
2020-06-30 14:27:02 - [MESSAGE][INFO] - Starting 'Chrome' driver&#xD;
&#xD;
2020-06-30 14:27:02 - [MESSAGE][INFO] - User set preference: ['args', '[--start-maximized]']&#xD;
&#xD;
2020-06-30 14:27:15 - [MESSAGE][PASSED] - Browser is opened with url: 'staging.imibot.ai'&#xD;
&#xD;
2020-06-30 14:27:15 - [TEST_STEP][PASSED] - maximizeWindow(): Current window maximized&#xD;
&#xD;
2020-06-30 14:27:17 - [MESSAGE][PASSED] - Current window maximized&#xD;
&#xD;
2020-06-30 14:27:18 - [TEST_STEP][PASSED] - callTestCase(findTestCase("Generic/successfulLogin_Test"), [:], STOP_ON_FAILURE): Call Test Case 'Test Cases/Generic/successfulLogin_Test' successfully&#xD;
&#xD;
2020-06-30 14:27:18 - [TEST_CASE][PASSED] - Test Cases/Generic/successfulLogin_Test: Test Cases/Generic/successfulLogin_Test&#xD;
&#xD;
2020-06-30 14:27:18 - [TEST_STEP][PASSED] - sendKeys(findTestObject("Input/username"), username): Keys 'narendra.n@imimobile.com' sent to object: 'Object Repository/Input/username'&#xD;
&#xD;
2020-06-30 14:27:21 - [MESSAGE][PASSED] - Keys 'narendra.n@imimobile.com' sent to object: 'Object Repository/Input/username'&#xD;
&#xD;
2020-06-30 14:27:21 - [TEST_STEP][PASSED] - sendKeys(findTestObject("Input/password"), password): Keys 'Test@2020' sent to object: 'Object Repository/Input/password'&#xD;
&#xD;
2020-06-30 14:27:24 - [MESSAGE][PASSED] - Keys 'Test@2020' sent to object: 'Object Repository/Input/password'&#xD;
&#xD;
2020-06-30 14:27:24 - [TEST_STEP][PASSED] - click(findTestObject("Button/signIn")): Object: 'Object Repository/Button/signIn' is clicked on&#xD;
&#xD;
2020-06-30 14:27:26 - [MESSAGE][PASSED] - Object: 'Object Repository/Button/signIn' is clicked on&#xD;
&#xD;
2020-06-30 14:27:26 - [TEST_STEP][PASSED] - if (!(waitForElementPresent(findTestObject("Button/createBot"), 30, OPTIONAL))): Object 'Object Repository/Button/createBot' is present&#xD;
&#xD;
2020-06-30 14:27:44 - [MESSAGE][PASSED] - Object 'Object Repository/Button/createBot' is present&#xD;
&#xD;
2020-06-30 14:27:44 - [MESSAGE][PASSED] - Call Test Case 'Test Cases/Generic/successfulLogin_Test' successfully&#xD;
&#xD;
2020-06-30 14:27:44 - [TEST_STEP][PASSED] - platform.Method.navigateToBot("Q&amp;A bots", PREVIEW_BOT): platform.Method.navigateToBot is PASSED&#xD;
&#xD;
2020-06-30 14:27:45 - [MESSAGE][PASSED] - Object 'Object Repository/Button/createBot' is present&#xD;
&#xD;
2020-06-30 14:27:48 - [MESSAGE][INFO] - Performing click action on bot&#xD;
&#xD;
2020-06-30 14:27:50 - [MESSAGE][PASSED] - platform.Method.navigateToBot is PASSED&#xD;
&#xD;
2020-06-30 14:27:50 - [TEST_STEP][PASSED] - platform.Method.clickOnElement(findTestObject("Generic/articles")): platform.Method.clickOnElement is PASSED&#xD;
&#xD;
2020-06-30 14:27:55 - [MESSAGE][PASSED] - platform.Method.clickOnElement is PASSED&#xD;
&#xD;
2020-06-30 14:27:55 - [TEST_STEP][PASSED] - testData = findTestData("Data Files/testData_Dummy"): null&#xD;
&#xD;
2020-06-30 14:27:56 - [TEST_STEP][PASSED] - platform.Articles.selectFromKebabMenu(findTestObject("Button/importIcon"), "Import From CSV"): platform.Articles.selectFromKebabMenu is PASSED&#xD;
&#xD;
2020-06-30 14:27:59 - [MESSAGE][INFO] - Selected value: Import From CSV&#xD;
&#xD;
2020-06-30 14:28:01 - [MESSAGE][PASSED] - platform.Articles.selectFromKebabMenu is PASSED&#xD;
&#xD;
2020-06-30 14:28:01 - [TEST_STEP][PASSED] - platform.Method.uploadCsvFile(false, "faq_CS.csv"): platform.Method.uploadCsvFile is PASSED&#xD;
&#xD;
2020-06-30 14:28:01 - [MESSAGE][INFO] - PREVIOUS DATA NOT BE OVERRIDDEN&#xD;
&#xD;
2020-06-30 14:28:03 - [MESSAGE][PASSED] - File 'D:/IMIbot.ai-Project/Collection/faq_CS.csv' sent to object: 'Object Repository/Input/uploadFile'&#xD;
&#xD;
2020-06-30 14:28:06 - [MESSAGE][PASSED] - platform.Method.uploadCsvFile is PASSED&#xD;
&#xD;
2020-06-30 14:28:06 - [TEST_STEP][PASSED] - platform.Method.trainAndComment("imported hindi arabic article"): platform.Method.trainAndComment is PASSED&#xD;
&#xD;
2020-06-30 14:28:14 - [MESSAGE][PASSED] - Keys 'imported hindi arabic article' sent to object: 'Object Repository/Input/comment'&#xD;
&#xD;
2020-06-30 14:28:16 - [MESSAGE][PASSED] - platform.Method.trainAndComment is PASSED</system-out>
            <system-err></system-err>
        </testcase>
        <system-out>2020-06-30 14:24:14 - [TEST_SUITE][INCOMPLETE] - shareablepreview: null</system-out>
        <system-err>2020-06-30 14:24:14 - [TEST_SUITE][INCOMPLETE] - shareablepreview: null</system-err>
    </testsuite>
</testsuites>
