<?xml version="1.0" encoding="UTF-8" standalone="yes"?>
<testsuites name="write" time="448" tests="0" failures="0" errors="3">
    <testsuite name="write" tests="0" failures="0" errors="3" time="448" timestamp="2020-09-28 14:40:47" hostname="narendra.n - WLPT580.imidomain.com" id="Test Suites/write">
        <properties>
            <property name="deviceName" value=""/>
            <property name="devicePlatform" value=""/>
            <property name="logFolder" value="D:\\IMIbot.ai-Project\\Reports\\20200928_144037\\write\\20200928_144037"/>
            <property name="logFiles" value="D:\\IMIbot.ai-Project\\Reports\\20200928_144037\\write\\20200928_144037\\execution0.log"/>
            <property name="attachments" value=""/>
            <property name="hostName" value="narendra.n - WLPT580.imidomain.com"/>
            <property name="os" value="Windows 8.1 64bit"/>
            <property name="katalonVersion" value="6.3.3.11"/>
            <property name="browser" value="Chrome 85.0.4183.121"/>
            <property name="hostAddress" value="192.168.29.195"/>
            <property name="sessionId" value="f84a3ee3c59f6433f84167d9eb47761f"/>
            <property name="seleniumVersion" value="3.141.59"/>
            <property name="proxyInformation" value="ProxyInformation{proxyOption=NO_PROXY, proxyServerType=HTTP, password=, proxyServerAddress=, proxyServerPort=0}"/>
            <property name="platform" value="Windows 8.1"/>
        </properties>
        <testcase name="Test Cases/SetUp/setUpCustomSyn_ShareablePreview1" classname="Test Cases/SetUp/setUpCustomSyn_ShareablePreview1" status="ERROR">
            <error type="ERROR" message="Test Cases/SetUp/setUpCustomSyn_ShareablePreview1 FAILED.&#xA;Reason:&#xA;org.codehaus.groovy.runtime.InvokerInvocationException: com.kms.katalon.core.webui.exception.WebElementNotFoundException: Web element with id: 'Object Repository/Button/createArticle' located by 'By.xpath: //button//span[contains(text(),'+ Create new article')]' not found&#xD;&#xA;&#x9;at platform.Method.invokeMethod(Method.groovy)&#xD;&#xA;&#x9;at com.kms.katalon.core.main.CustomKeywordDelegatingMetaClass.invokeStaticMethod(CustomKeywordDelegatingMetaClass.java:50)&#xD;&#xA;&#x9;at setUpCustomSyn_ShareablePreview1.run(setUpCustomSyn_ShareablePreview1:21)&#xD;&#xA;&#x9;at com.kms.katalon.core.main.ScriptEngine.run(ScriptEngine.java:194)&#xD;&#xA;&#x9;at com.kms.katalon.core.main.ScriptEngine.runScriptAsRawText(ScriptEngine.java:119)&#xD;&#xA;&#x9;at com.kms.katalon.core.main.TestCaseExecutor.runScript(TestCaseExecutor.java:337)&#xD;&#xA;&#x9;at com.kms.katalon.core.main.TestCaseExecutor.doExecute(TestCaseExecutor.java:328)&#xD;&#xA;&#x9;at com.kms.katalon.core.main.TestCaseExecutor.processExecutionPhase(TestCaseExecutor.java:307)&#xD;&#xA;&#x9;at com.kms.katalon.core.main.TestCaseExecutor.accessMainPhase(TestCaseExecutor.java:299)&#xD;&#xA;&#x9;at com.kms.katalon.core.main.TestCaseExecutor.execute(TestCaseExecutor.java:233)&#xD;&#xA;&#x9;at com.kms.katalon.core.main.TestSuiteExecutor.accessTestCaseMainPhase(TestSuiteExecutor.java:169)&#xD;&#xA;&#x9;at com.kms.katalon.core.main.TestSuiteExecutor.accessTestSuiteMainPhase(TestSuiteExecutor.java:142)&#xD;&#xA;&#x9;at com.kms.katalon.core.main.TestSuiteExecutor.execute(TestSuiteExecutor.java:91)&#xD;&#xA;&#x9;at com.kms.katalon.core.main.TestCaseMain.startTestSuite(TestCaseMain.java:157)&#xD;&#xA;&#x9;at com.kms.katalon.core.main.TestCaseMain$startTestSuite$0.call(Unknown Source)&#xD;&#xA;&#x9;at TempTestSuite1601284238112.run(TempTestSuite1601284238112.groovy:35)&#xD;&#xA;Caused by: com.kms.katalon.core.webui.exception.WebElementNotFoundException: Web element with id: 'Object Repository/Button/createArticle' located by 'By.xpath: //button//span[contains(text(),'+ Create new article')]' not found&#xD;&#xA;&#x9;at com.kms.katalon.core.webui.common.WebUiCommonHelper.findWebElement(WebUiCommonHelper.java:1097)&#xD;&#xA;&#x9;at com.kms.katalon.core.webui.common.WebUiCommonHelper$findWebElement.call(Unknown Source)&#xD;&#xA;&#x9;at platform.Method.clickOnElement(Method.groovy:32)&#xD;&#xA;&#x9;at platform.Articles.createNewArticle(Articles.groovy:41)&#xD;&#xA;&#x9;... 16 more&#xD;&#xA;"/>
            <system-out>2020-09-28 14:41:31 - [TEST_CASE][ERROR] - Test Cases/SetUp/setUpCustomSyn_ShareablePreview1: Test Cases/SetUp/setUpCustomSyn_ShareablePreview1 FAILED.
Reason:
org.codehaus.groovy.runtime.InvokerInvocationException: com.kms.katalon.core.webui.exception.WebElementNotFoundException: Web element with id: 'Object Repository/Button/createArticle' located by 'By.xpath: //button//span[contains(text(),'+ Create new article')]' not found&#xD;
	at platform.Method.invokeMethod(Method.groovy)&#xD;
	at com.kms.katalon.core.main.CustomKeywordDelegatingMetaClass.invokeStaticMethod(CustomKeywordDelegatingMetaClass.java:50)&#xD;
	at setUpCustomSyn_ShareablePreview1.run(setUpCustomSyn_ShareablePreview1:21)&#xD;
	at com.kms.katalon.core.main.ScriptEngine.run(ScriptEngine.java:194)&#xD;
	at com.kms.katalon.core.main.ScriptEngine.runScriptAsRawText(ScriptEngine.java:119)&#xD;
	at com.kms.katalon.core.main.TestCaseExecutor.runScript(TestCaseExecutor.java:337)&#xD;
	at com.kms.katalon.core.main.TestCaseExecutor.doExecute(TestCaseExecutor.java:328)&#xD;
	at com.kms.katalon.core.main.TestCaseExecutor.processExecutionPhase(TestCaseExecutor.java:307)&#xD;
	at com.kms.katalon.core.main.TestCaseExecutor.accessMainPhase(TestCaseExecutor.java:299)&#xD;
	at com.kms.katalon.core.main.TestCaseExecutor.execute(TestCaseExecutor.java:233)&#xD;
	at com.kms.katalon.core.main.TestSuiteExecutor.accessTestCaseMainPhase(TestSuiteExecutor.java:169)&#xD;
	at com.kms.katalon.core.main.TestSuiteExecutor.accessTestSuiteMainPhase(TestSuiteExecutor.java:142)&#xD;
	at com.kms.katalon.core.main.TestSuiteExecutor.execute(TestSuiteExecutor.java:91)&#xD;
	at com.kms.katalon.core.main.TestCaseMain.startTestSuite(TestCaseMain.java:157)&#xD;
	at com.kms.katalon.core.main.TestCaseMain$startTestSuite$0.call(Unknown Source)&#xD;
	at TempTestSuite1601284238112.run(TempTestSuite1601284238112.groovy:35)&#xD;
Caused by: com.kms.katalon.core.webui.exception.WebElementNotFoundException: Web element with id: 'Object Repository/Button/createArticle' located by 'By.xpath: //button//span[contains(text(),'+ Create new article')]' not found&#xD;
	at com.kms.katalon.core.webui.common.WebUiCommonHelper.findWebElement(WebUiCommonHelper.java:1097)&#xD;
	at com.kms.katalon.core.webui.common.WebUiCommonHelper$findWebElement.call(Unknown Source)&#xD;
	at platform.Method.clickOnElement(Method.groovy:32)&#xD;
	at platform.Articles.createNewArticle(Articles.groovy:41)&#xD;
	... 16 more&#xD;
&#xD;
&#xD;
2020-09-28 14:41:32 - [TEST_STEP][PASSED] - platform.Method.clickOnElement(findTestObject("Generic/webObjectWithText", ["textValue":PREVIEW_BOT])): platform.Method.clickOnElement is PASSED&#xD;
&#xD;
2020-09-28 14:41:34 - [MESSAGE][PASSED] - platform.Method.clickOnElement is PASSED&#xD;
&#xD;
2020-09-28 14:41:34 - [TEST_STEP][PASSED] - testData = findTestData("Data Files/testData_Dummy"): null&#xD;
&#xD;
2020-09-28 14:41:39 - [TEST_STEP][ERROR] - platform.Articles.createNewArticle(testData, testData.getValue("article_default_question", 1)): com.kms.katalon.core.webui.exception.WebElementNotFoundException: Web element with id: 'Object Repository/Button/createArticle' located by 'By.xpath: //button//span[contains(text(),'+ Create new article')]' not found&#xD;
&#xD;
2020-09-28 14:41:45 - [MESSAGE][INFO] - Unable to find the element located by 'By.xpath: //button//span[contains(text(),'+ Create new article')]'. Please recheck the objects properties to make sure the desired element is located. &#xD;
&#xD;
2020-09-28 14:41:45 - [MESSAGE][ERROR] - com.kms.katalon.core.webui.exception.WebElementNotFoundException: Web element with id: 'Object Repository/Button/createArticle' located by 'By.xpath: //button//span[contains(text(),'+ Create new article')]' not found</system-out>
            <system-err>2020-09-28 14:41:31 - [TEST_CASE][ERROR] - Test Cases/SetUp/setUpCustomSyn_ShareablePreview1: Test Cases/SetUp/setUpCustomSyn_ShareablePreview1 FAILED.
Reason:
org.codehaus.groovy.runtime.InvokerInvocationException: com.kms.katalon.core.webui.exception.WebElementNotFoundException: Web element with id: 'Object Repository/Button/createArticle' located by 'By.xpath: //button//span[contains(text(),'+ Create new article')]' not found&#xD;
	at platform.Method.invokeMethod(Method.groovy)&#xD;
	at com.kms.katalon.core.main.CustomKeywordDelegatingMetaClass.invokeStaticMethod(CustomKeywordDelegatingMetaClass.java:50)&#xD;
	at setUpCustomSyn_ShareablePreview1.run(setUpCustomSyn_ShareablePreview1:21)&#xD;
	at com.kms.katalon.core.main.ScriptEngine.run(ScriptEngine.java:194)&#xD;
	at com.kms.katalon.core.main.ScriptEngine.runScriptAsRawText(ScriptEngine.java:119)&#xD;
	at com.kms.katalon.core.main.TestCaseExecutor.runScript(TestCaseExecutor.java:337)&#xD;
	at com.kms.katalon.core.main.TestCaseExecutor.doExecute(TestCaseExecutor.java:328)&#xD;
	at com.kms.katalon.core.main.TestCaseExecutor.processExecutionPhase(TestCaseExecutor.java:307)&#xD;
	at com.kms.katalon.core.main.TestCaseExecutor.accessMainPhase(TestCaseExecutor.java:299)&#xD;
	at com.kms.katalon.core.main.TestCaseExecutor.execute(TestCaseExecutor.java:233)&#xD;
	at com.kms.katalon.core.main.TestSuiteExecutor.accessTestCaseMainPhase(TestSuiteExecutor.java:169)&#xD;
	at com.kms.katalon.core.main.TestSuiteExecutor.accessTestSuiteMainPhase(TestSuiteExecutor.java:142)&#xD;
	at com.kms.katalon.core.main.TestSuiteExecutor.execute(TestSuiteExecutor.java:91)&#xD;
	at com.kms.katalon.core.main.TestCaseMain.startTestSuite(TestCaseMain.java:157)&#xD;
	at com.kms.katalon.core.main.TestCaseMain$startTestSuite$0.call(Unknown Source)&#xD;
	at TempTestSuite1601284238112.run(TempTestSuite1601284238112.groovy:35)&#xD;
Caused by: com.kms.katalon.core.webui.exception.WebElementNotFoundException: Web element with id: 'Object Repository/Button/createArticle' located by 'By.xpath: //button//span[contains(text(),'+ Create new article')]' not found&#xD;
	at com.kms.katalon.core.webui.common.WebUiCommonHelper.findWebElement(WebUiCommonHelper.java:1097)&#xD;
	at com.kms.katalon.core.webui.common.WebUiCommonHelper$findWebElement.call(Unknown Source)&#xD;
	at platform.Method.clickOnElement(Method.groovy:32)&#xD;
	at platform.Articles.createNewArticle(Articles.groovy:41)&#xD;
	... 16 more</system-err>
        </testcase>
        <testcase name="Test Cases/SetUp/setUpCustomSyn_ShareablePreview2" classname="Test Cases/SetUp/setUpCustomSyn_ShareablePreview2" status="ERROR">
            <error type="ERROR" message="Test Cases/SetUp/setUpCustomSyn_ShareablePreview2 FAILED.&#xA;Reason:&#xA;org.codehaus.groovy.runtime.InvokerInvocationException: com.kms.katalon.core.webui.exception.WebElementNotFoundException: Web element with id: 'Object Repository/Generic/existingCategory' located by 'By.xpath: //mat-select[@formcontrolname='existingCategoryName']' not found&#xD;&#xA;&#x9;at platform.Method.invokeMethod(Method.groovy)&#xD;&#xA;&#x9;at com.kms.katalon.core.main.CustomKeywordDelegatingMetaClass.invokeStaticMethod(CustomKeywordDelegatingMetaClass.java:50)&#xD;&#xA;&#x9;at setUpCustomSyn_ShareablePreview2.run(setUpCustomSyn_ShareablePreview2:99)&#xD;&#xA;&#x9;at com.kms.katalon.core.main.ScriptEngine.run(ScriptEngine.java:194)&#xD;&#xA;&#x9;at com.kms.katalon.core.main.ScriptEngine.runScriptAsRawText(ScriptEngine.java:119)&#xD;&#xA;&#x9;at com.kms.katalon.core.main.TestCaseExecutor.runScript(TestCaseExecutor.java:337)&#xD;&#xA;&#x9;at com.kms.katalon.core.main.TestCaseExecutor.doExecute(TestCaseExecutor.java:328)&#xD;&#xA;&#x9;at com.kms.katalon.core.main.TestCaseExecutor.processExecutionPhase(TestCaseExecutor.java:307)&#xD;&#xA;&#x9;at com.kms.katalon.core.main.TestCaseExecutor.accessMainPhase(TestCaseExecutor.java:299)&#xD;&#xA;&#x9;at com.kms.katalon.core.main.TestCaseExecutor.execute(TestCaseExecutor.java:233)&#xD;&#xA;&#x9;at com.kms.katalon.core.main.TestSuiteExecutor.accessTestCaseMainPhase(TestSuiteExecutor.java:169)&#xD;&#xA;&#x9;at com.kms.katalon.core.main.TestSuiteExecutor.accessTestSuiteMainPhase(TestSuiteExecutor.java:142)&#xD;&#xA;&#x9;at com.kms.katalon.core.main.TestSuiteExecutor.execute(TestSuiteExecutor.java:91)&#xD;&#xA;&#x9;at com.kms.katalon.core.main.TestCaseMain.startTestSuite(TestCaseMain.java:157)&#xD;&#xA;&#x9;at com.kms.katalon.core.main.TestCaseMain$startTestSuite$0.call(Unknown Source)&#xD;&#xA;&#x9;at TempTestSuite1601284238112.run(TempTestSuite1601284238112.groovy:35)&#xD;&#xA;Caused by: com.kms.katalon.core.webui.exception.WebElementNotFoundException: Web element with id: 'Object Repository/Generic/existingCategory' located by 'By.xpath: //mat-select[@formcontrolname='existingCategoryName']' not found&#xD;&#xA;&#x9;at com.kms.katalon.core.webui.common.WebUiCommonHelper.findWebElement(WebUiCommonHelper.java:1097)&#xD;&#xA;&#x9;at com.kms.katalon.core.webui.common.WebUiCommonHelper$findWebElement.call(Unknown Source)&#xD;&#xA;&#x9;at platform.Method.clickOnElement(Method.groovy:32)&#xD;&#xA;&#x9;at platform.Articles.saveAndTrainArticleToExistingCategory(Articles.groovy:54)&#xD;&#xA;&#x9;... 16 more&#xD;&#xA;"/>
            <system-out>2020-09-28 14:41:45 - [TEST_CASE][ERROR] - Test Cases/SetUp/setUpCustomSyn_ShareablePreview2: Test Cases/SetUp/setUpCustomSyn_ShareablePreview2 FAILED.
Reason:
org.codehaus.groovy.runtime.InvokerInvocationException: com.kms.katalon.core.webui.exception.WebElementNotFoundException: Web element with id: 'Object Repository/Generic/existingCategory' located by 'By.xpath: //mat-select[@formcontrolname='existingCategoryName']' not found&#xD;
	at platform.Method.invokeMethod(Method.groovy)&#xD;
	at com.kms.katalon.core.main.CustomKeywordDelegatingMetaClass.invokeStaticMethod(CustomKeywordDelegatingMetaClass.java:50)&#xD;
	at setUpCustomSyn_ShareablePreview2.run(setUpCustomSyn_ShareablePreview2:99)&#xD;
	at com.kms.katalon.core.main.ScriptEngine.run(ScriptEngine.java:194)&#xD;
	at com.kms.katalon.core.main.ScriptEngine.runScriptAsRawText(ScriptEngine.java:119)&#xD;
	at com.kms.katalon.core.main.TestCaseExecutor.runScript(TestCaseExecutor.java:337)&#xD;
	at com.kms.katalon.core.main.TestCaseExecutor.doExecute(TestCaseExecutor.java:328)&#xD;
	at com.kms.katalon.core.main.TestCaseExecutor.processExecutionPhase(TestCaseExecutor.java:307)&#xD;
	at com.kms.katalon.core.main.TestCaseExecutor.accessMainPhase(TestCaseExecutor.java:299)&#xD;
	at com.kms.katalon.core.main.TestCaseExecutor.execute(TestCaseExecutor.java:233)&#xD;
	at com.kms.katalon.core.main.TestSuiteExecutor.accessTestCaseMainPhase(TestSuiteExecutor.java:169)&#xD;
	at com.kms.katalon.core.main.TestSuiteExecutor.accessTestSuiteMainPhase(TestSuiteExecutor.java:142)&#xD;
	at com.kms.katalon.core.main.TestSuiteExecutor.execute(TestSuiteExecutor.java:91)&#xD;
	at com.kms.katalon.core.main.TestCaseMain.startTestSuite(TestCaseMain.java:157)&#xD;
	at com.kms.katalon.core.main.TestCaseMain$startTestSuite$0.call(Unknown Source)&#xD;
	at TempTestSuite1601284238112.run(TempTestSuite1601284238112.groovy:35)&#xD;
Caused by: com.kms.katalon.core.webui.exception.WebElementNotFoundException: Web element with id: 'Object Repository/Generic/existingCategory' located by 'By.xpath: //mat-select[@formcontrolname='existingCategoryName']' not found&#xD;
	at com.kms.katalon.core.webui.common.WebUiCommonHelper.findWebElement(WebUiCommonHelper.java:1097)&#xD;
	at com.kms.katalon.core.webui.common.WebUiCommonHelper$findWebElement.call(Unknown Source)&#xD;
	at platform.Method.clickOnElement(Method.groovy:32)&#xD;
	at platform.Articles.saveAndTrainArticleToExistingCategory(Articles.groovy:54)&#xD;
	... 16 more&#xD;
&#xD;
&#xD;
2020-09-28 14:41:46 - [TEST_STEP][PASSED] - platform.Method.clickOnElement(findTestObject("Generic/articles")): platform.Method.clickOnElement is PASSED&#xD;
&#xD;
2020-09-28 14:41:49 - [MESSAGE][PASSED] - platform.Method.clickOnElement is PASSED&#xD;
&#xD;
2020-09-28 14:41:49 - [TEST_STEP][PASSED] - testData = findTestData("Data Files/testData_Dummy"): null&#xD;
&#xD;
2020-09-28 14:41:50 - [TEST_STEP][PASSED] - platform.Articles.createNewArticle(testData, testData.getValue("carousel_question", 1)): platform.Articles.createNewArticle is PASSED&#xD;
&#xD;
2020-09-28 14:41:56 - [MESSAGE][PASSED] - Keys 'show me all service type apartment' sent to object: 'Object Repository/Input/defaultQuestion'&#xD;
&#xD;
2020-09-28 14:41:56 - [MESSAGE][PASSED] - platform.Articles.createNewArticle is PASSED&#xD;
&#xD;
2020-09-28 14:41:56 - [TEST_STEP][PASSED] - platform.Method.clickOnElement(findTestObject("NewRepo/carousel")): platform.Method.clickOnElement is PASSED&#xD;
&#xD;
2020-09-28 14:41:58 - [MESSAGE][PASSED] - platform.Method.clickOnElement is PASSED&#xD;
&#xD;
2020-09-28 14:41:58 - [TEST_STEP][PASSED] - platform.ResponseDesigner.deleteDefaultTextTemplate(): platform.ResponseDesigner.deleteDefaultTextTemplate is PASSED&#xD;
&#xD;
2020-09-28 14:42:01 - [MESSAGE][PASSED] - Scroll to object 'Object Repository/WEB_OBJECTS/trashIcon' successfully&#xD;
&#xD;
2020-09-28 14:42:04 - [MESSAGE][PASSED] - Object 'Object Repository/WEB_OBJECTS/trashIcon' is visible&#xD;
&#xD;
2020-09-28 14:42:06 - [MESSAGE][PASSED] - platform.ResponseDesigner.deleteDefaultTextTemplate is PASSED&#xD;
&#xD;
2020-09-28 14:42:06 - [TEST_STEP][PASSED] - for ([count = 1, count &lt;= testData.getRowNumbers(), (count++)]): null&#xD;
&#xD;
2020-09-28 14:42:06 - [TEST_STEP][PASSED] - platform.ResponseDesigner.configureCarouselResponse(count, null, testData.getValue("service_carousel_url", count), testData.getValue("service_carousel_header", count), testData.getValue("carousel_payload_label", count), testData.getValue("carousel_payload_question", count)): platform.ResponseDesigner.configureCarouselResponse is PASSED&#xD;
&#xD;
2020-09-28 14:42:09 - [MESSAGE][PASSED] - Modify property of object successfully&#xD;
&#xD;
2020-09-28 14:42:14 - [MESSAGE][PASSED] - Text 'https://www.silverdoorapartments.com/blog/content/uploads/2020/03/Aparthotel-1024x683.jpg' is set on object 'Object Repository/WEB_OBJECTS/mediaURL'&#xD;
&#xD;
2020-09-28 14:42:20 - [MESSAGE][PASSED] - Text 'Aparthotel' is set on object 'Object Repository/WEB_OBJECTS/input'&#xD;
&#xD;
2020-09-28 14:42:21 - [MESSAGE][PASSED] - Object 'Object Repository/WEB_OBJECTS/button' is present&#xD;
&#xD;
2020-09-28 14:42:25 - [MESSAGE][PASSED] - Object 'Object Repository/WEB_OBJECTS/popUp' is present&#xD;
&#xD;
2020-09-28 14:42:25 - [MESSAGE][PASSED] - Modify property of object successfully&#xD;
&#xD;
2020-09-28 14:42:28 - [MESSAGE][PASSED] - Text 'Contact here!' is set on object 'Object Repository/WEB_OBJECTS/input'&#xD;
&#xD;
2020-09-28 14:42:32 - [MESSAGE][PASSED] - Text 'How can I contact this property?' is set on object 'Object Repository/WEB_OBJECTS/payload'&#xD;
&#xD;
2020-09-28 14:42:35 - [MESSAGE][PASSED] - platform.ResponseDesigner.configureCarouselResponse is PASSED&#xD;
&#xD;
2020-09-28 14:42:35 - [TEST_STEP][PASSED] - if (testData.getValue("service_carousel_header", count + 1) == ""): null&#xD;
&#xD;
2020-09-28 14:42:35 - [TEST_STEP][PASSED] - else: platform.Method.clickOnElement is PASSED&#xD;
&#xD;
2020-09-28 14:42:35 - [TEST_STEP][PASSED] - platform.Method.clickOnElement(findTestObject("ICONS/addCarousel")): platform.Method.clickOnElement is PASSED&#xD;
&#xD;
2020-09-28 14:42:37 - [MESSAGE][PASSED] - platform.Method.clickOnElement is PASSED&#xD;
&#xD;
2020-09-28 14:42:37 - [TEST_STEP][PASSED] - platform.ResponseDesigner.configureCarouselResponse(count, null, testData.getValue("service_carousel_url", count), testData.getValue("service_carousel_header", count), testData.getValue("carousel_payload_label", count), testData.getValue("carousel_payload_question", count)): platform.ResponseDesigner.configureCarouselResponse is PASSED&#xD;
&#xD;
2020-09-28 14:42:40 - [MESSAGE][PASSED] - Modify property of object successfully&#xD;
&#xD;
2020-09-28 14:42:45 - [MESSAGE][PASSED] - Text 'https://www.silverdoorapartments.com/blog/content/uploads/2015/05/Residential-e1430835943106.jpg' is set on object 'Object Repository/WEB_OBJECTS/mediaURL'&#xD;
&#xD;
2020-09-28 14:42:52 - [MESSAGE][PASSED] - Text 'Residential serviced apartment' is set on object 'Object Repository/WEB_OBJECTS/input'&#xD;
&#xD;
2020-09-28 14:43:14 - [MESSAGE][INFO] - Unable to find the element located by 'By.xpath: (//div[@class='carousel-main']//button[@type='primary'])[2]'. Please recheck the objects properties to make sure the desired element is located. &#xD;
&#xD;
2020-09-28 14:43:14 - [MESSAGE][WARNING] - Object 'Object Repository/WEB_OBJECTS/button' is not present after 20 second(s)&#xD;
&#xD;
2020-09-28 14:43:18 - [MESSAGE][PASSED] - Object 'Object Repository/WEB_OBJECTS/popUp' is present&#xD;
&#xD;
2020-09-28 14:43:18 - [MESSAGE][PASSED] - Modify property of object successfully&#xD;
&#xD;
2020-09-28 14:43:22 - [MESSAGE][PASSED] - Text 'Click to contact' is set on object 'Object Repository/WEB_OBJECTS/input'&#xD;
&#xD;
2020-09-28 14:43:26 - [MESSAGE][PASSED] - Text 'How can I contact this property?' is set on object 'Object Repository/WEB_OBJECTS/payload'&#xD;
&#xD;
2020-09-28 14:43:28 - [MESSAGE][PASSED] - platform.ResponseDesigner.configureCarouselResponse is PASSED&#xD;
&#xD;
2020-09-28 14:43:28 - [TEST_STEP][PASSED] - if (testData.getValue("service_carousel_header", count + 1) == ""): null&#xD;
&#xD;
2020-09-28 14:43:28 - [TEST_STEP][PASSED] - else: platform.Method.clickOnElement is PASSED&#xD;
&#xD;
2020-09-28 14:43:28 - [TEST_STEP][PASSED] - platform.Method.clickOnElement(findTestObject("ICONS/addCarousel")): platform.Method.clickOnElement is PASSED&#xD;
&#xD;
2020-09-28 14:43:31 - [MESSAGE][PASSED] - platform.Method.clickOnElement is PASSED&#xD;
&#xD;
2020-09-28 14:43:31 - [TEST_STEP][PASSED] - platform.ResponseDesigner.configureCarouselResponse(count, null, testData.getValue("service_carousel_url", count), testData.getValue("service_carousel_header", count), testData.getValue("carousel_payload_label", count), testData.getValue("carousel_payload_question", count)): platform.ResponseDesigner.configureCarouselResponse is PASSED&#xD;
&#xD;
2020-09-28 14:43:33 - [MESSAGE][PASSED] - Modify property of object successfully&#xD;
&#xD;
2020-09-28 14:43:38 - [MESSAGE][PASSED] - Text 'https://q-cf.bstatic.com/images/hotel/max1280x900/444/44415495.jpg' is set on object 'Object Repository/WEB_OBJECTS/mediaURL'&#xD;
&#xD;
2020-09-28 14:43:44 - [MESSAGE][PASSED] - Text 'Single property' is set on object 'Object Repository/WEB_OBJECTS/input'&#xD;
&#xD;
2020-09-28 14:44:07 - [MESSAGE][INFO] - Unable to find the element located by 'By.xpath: (//div[@class='carousel-main']//button[@type='primary'])[3]'. Please recheck the objects properties to make sure the desired element is located. &#xD;
&#xD;
2020-09-28 14:44:07 - [MESSAGE][WARNING] - Object 'Object Repository/WEB_OBJECTS/button' is not present after 20 second(s)&#xD;
&#xD;
2020-09-28 14:44:10 - [MESSAGE][PASSED] - Object 'Object Repository/WEB_OBJECTS/popUp' is present&#xD;
&#xD;
2020-09-28 14:44:10 - [MESSAGE][PASSED] - Modify property of object successfully&#xD;
&#xD;
2020-09-28 14:44:14 - [MESSAGE][PASSED] - Text 'Book now!' is set on object 'Object Repository/WEB_OBJECTS/input'&#xD;
&#xD;
2020-09-28 14:44:18 - [MESSAGE][PASSED] - Text 'How can I contact this property?' is set on object 'Object Repository/WEB_OBJECTS/payload'&#xD;
&#xD;
2020-09-28 14:44:20 - [MESSAGE][PASSED] - platform.ResponseDesigner.configureCarouselResponse is PASSED&#xD;
&#xD;
2020-09-28 14:44:20 - [TEST_STEP][PASSED] - if (testData.getValue("service_carousel_header", count + 1) == ""): null&#xD;
&#xD;
2020-09-28 14:44:20 - [TEST_STEP][PASSED] - break: null&#xD;
&#xD;
2020-09-28 14:44:20 - [TEST_STEP][PASSED] - platform.Articles.saveAndTrainArticleToExistingCategory(" Unassigned "): platform.Articles.saveAndTrainArticleToExistingCategory is PASSED&#xD;
&#xD;
2020-09-28 14:44:30 - [MESSAGE][PASSED] - platform.Articles.saveAndTrainArticleToExistingCategory is PASSED&#xD;
&#xD;
2020-09-28 14:44:30 - [TEST_STEP][PASSED] - verifyElementPresent(findTestObject("ICONS/toastMsg"), 30, STOP_ON_FAILURE): Object 'Object Repository/ICONS/toastMsg' is present&#xD;
&#xD;
2020-09-28 14:44:36 - [MESSAGE][PASSED] - Object 'Object Repository/ICONS/toastMsg' is present&#xD;
&#xD;
2020-09-28 14:44:36 - [TEST_STEP][PASSED] - platform.Articles.createNewArticle(testData, testData.getValue("carousel_question", 2)): platform.Articles.createNewArticle is PASSED&#xD;
&#xD;
2020-09-28 14:44:42 - [MESSAGE][PASSED] - Keys 'villas or duplex type property' sent to object: 'Object Repository/Input/defaultQuestion'&#xD;
&#xD;
2020-09-28 14:44:42 - [MESSAGE][PASSED] - platform.Articles.createNewArticle is PASSED&#xD;
&#xD;
2020-09-28 14:44:42 - [TEST_STEP][PASSED] - platform.Method.clickOnElement(findTestObject("NewRepo/carousel")): platform.Method.clickOnElement is PASSED&#xD;
&#xD;
2020-09-28 14:44:44 - [MESSAGE][PASSED] - platform.Method.clickOnElement is PASSED&#xD;
&#xD;
2020-09-28 14:44:44 - [TEST_STEP][PASSED] - platform.ResponseDesigner.deleteDefaultTextTemplate(): platform.ResponseDesigner.deleteDefaultTextTemplate is PASSED&#xD;
&#xD;
2020-09-28 14:44:46 - [MESSAGE][PASSED] - Scroll to object 'Object Repository/WEB_OBJECTS/trashIcon' successfully&#xD;
&#xD;
2020-09-28 14:44:49 - [MESSAGE][PASSED] - Object 'Object Repository/WEB_OBJECTS/trashIcon' is visible&#xD;
&#xD;
2020-09-28 14:44:51 - [MESSAGE][PASSED] - platform.ResponseDesigner.deleteDefaultTextTemplate is PASSED&#xD;
&#xD;
2020-09-28 14:44:51 - [TEST_STEP][PASSED] - for ([count = 1, count &lt;= testData.getRowNumbers(), (count++)]): null&#xD;
&#xD;
2020-09-28 14:44:51 - [TEST_STEP][PASSED] - platform.ResponseDesigner.configureCarouselResponse(count, null, testData.getValue("indp_carousel_url", count), testData.getValue("indp_carousel_header", count), testData.getValue("carousel_payload_label", count), testData.getValue("carousel_payload_question", count)): platform.ResponseDesigner.configureCarouselResponse is PASSED&#xD;
&#xD;
2020-09-28 14:44:54 - [MESSAGE][PASSED] - Modify property of object successfully&#xD;
&#xD;
2020-09-28 14:44:58 - [MESSAGE][PASSED] - Text 'https://r-cf.bstatic.com/images/hotel/max1024x768/240/240296881.jpg' is set on object 'Object Repository/WEB_OBJECTS/mediaURL'&#xD;
&#xD;
2020-09-28 14:45:04 - [MESSAGE][PASSED] - Text 'Villa' is set on object 'Object Repository/WEB_OBJECTS/input'&#xD;
&#xD;
2020-09-28 14:45:05 - [MESSAGE][PASSED] - Object 'Object Repository/WEB_OBJECTS/button' is present&#xD;
&#xD;
2020-09-28 14:45:09 - [MESSAGE][PASSED] - Object 'Object Repository/WEB_OBJECTS/popUp' is present&#xD;
&#xD;
2020-09-28 14:45:09 - [MESSAGE][PASSED] - Modify property of object successfully&#xD;
&#xD;
2020-09-28 14:45:13 - [MESSAGE][PASSED] - Text 'Contact here!' is set on object 'Object Repository/WEB_OBJECTS/input'&#xD;
&#xD;
2020-09-28 14:45:17 - [MESSAGE][PASSED] - Text 'How can I contact this property?' is set on object 'Object Repository/WEB_OBJECTS/payload'&#xD;
&#xD;
2020-09-28 14:45:20 - [MESSAGE][PASSED] - platform.ResponseDesigner.configureCarouselResponse is PASSED&#xD;
&#xD;
2020-09-28 14:45:20 - [TEST_STEP][PASSED] - if (testData.getValue("indp_carousel_header", count + 1) == ""): null&#xD;
&#xD;
2020-09-28 14:45:20 - [TEST_STEP][PASSED] - else: platform.Method.clickOnElement is PASSED&#xD;
&#xD;
2020-09-28 14:45:20 - [TEST_STEP][PASSED] - platform.Method.clickOnElement(findTestObject("ICONS/addCarousel")): platform.Method.clickOnElement is PASSED&#xD;
&#xD;
2020-09-28 14:45:22 - [MESSAGE][PASSED] - platform.Method.clickOnElement is PASSED&#xD;
&#xD;
2020-09-28 14:45:22 - [TEST_STEP][PASSED] - platform.ResponseDesigner.configureCarouselResponse(count, null, testData.getValue("indp_carousel_url", count), testData.getValue("indp_carousel_header", count), testData.getValue("carousel_payload_label", count), testData.getValue("carousel_payload_question", count)): platform.ResponseDesigner.configureCarouselResponse is PASSED&#xD;
&#xD;
2020-09-28 14:45:25 - [MESSAGE][PASSED] - Modify property of object successfully&#xD;
&#xD;
2020-09-28 14:45:31 - [MESSAGE][PASSED] - Text 'https://www.architectureanddesign.com.au/getmedia/c8ff84b0-2c58-4ddd-84d5-d5e51ea40171/Futureflip_Duplex.aspx?width=1000&amp;height=750&amp;ext=.jpg' is set on object 'Object Repository/WEB_OBJECTS/mediaURL'&#xD;
&#xD;
2020-09-28 14:45:37 - [MESSAGE][PASSED] - Text 'Duplex' is set on object 'Object Repository/WEB_OBJECTS/input'&#xD;
&#xD;
2020-09-28 14:45:59 - [MESSAGE][INFO] - Unable to find the element located by 'By.xpath: (//div[@class='carousel-main']//button[@type='primary'])[2]'. Please recheck the objects properties to make sure the desired element is located. &#xD;
&#xD;
2020-09-28 14:45:59 - [MESSAGE][WARNING] - Object 'Object Repository/WEB_OBJECTS/button' is not present after 20 second(s)&#xD;
&#xD;
2020-09-28 14:46:02 - [MESSAGE][PASSED] - Object 'Object Repository/WEB_OBJECTS/popUp' is present&#xD;
&#xD;
2020-09-28 14:46:03 - [MESSAGE][PASSED] - Modify property of object successfully&#xD;
&#xD;
2020-09-28 14:46:06 - [MESSAGE][PASSED] - Text 'Click to contact' is set on object 'Object Repository/WEB_OBJECTS/input'&#xD;
&#xD;
2020-09-28 14:46:10 - [MESSAGE][PASSED] - Text 'How can I contact this property?' is set on object 'Object Repository/WEB_OBJECTS/payload'&#xD;
&#xD;
2020-09-28 14:46:13 - [MESSAGE][PASSED] - platform.ResponseDesigner.configureCarouselResponse is PASSED&#xD;
&#xD;
2020-09-28 14:46:13 - [TEST_STEP][PASSED] - if (testData.getValue("indp_carousel_header", count + 1) == ""): null&#xD;
&#xD;
2020-09-28 14:46:13 - [TEST_STEP][PASSED] - break: null&#xD;
&#xD;
2020-09-28 14:46:13 - [TEST_STEP][PASSED] - platform.Articles.saveAndTrainArticleToExistingCategory(" Unassigned "): platform.Articles.saveAndTrainArticleToExistingCategory is PASSED&#xD;
&#xD;
2020-09-28 14:46:22 - [MESSAGE][PASSED] - platform.Articles.saveAndTrainArticleToExistingCategory is PASSED&#xD;
&#xD;
2020-09-28 14:46:22 - [TEST_STEP][PASSED] - waitForElementPresent(findTestObject("ICONS/toastMsg"), 20, STOP_ON_FAILURE): Object 'Object Repository/ICONS/toastMsg' is present&#xD;
&#xD;
2020-09-28 14:46:24 - [MESSAGE][PASSED] - Object 'Object Repository/ICONS/toastMsg' is present&#xD;
&#xD;
2020-09-28 14:46:24 - [TEST_STEP][PASSED] - platform.Articles.createNewArticle(testData, testData.getValue("carousel_question", 3)): platform.Articles.createNewArticle is PASSED&#xD;
&#xD;
2020-09-28 14:46:30 - [MESSAGE][PASSED] - Keys 'apartments in gated community' sent to object: 'Object Repository/Input/defaultQuestion'&#xD;
&#xD;
2020-09-28 14:46:30 - [MESSAGE][PASSED] - platform.Articles.createNewArticle is PASSED&#xD;
&#xD;
2020-09-28 14:46:30 - [TEST_STEP][PASSED] - platform.Method.clickOnElement(findTestObject("NewRepo/carousel")): platform.Method.clickOnElement is PASSED&#xD;
&#xD;
2020-09-28 14:46:32 - [MESSAGE][PASSED] - platform.Method.clickOnElement is PASSED&#xD;
&#xD;
2020-09-28 14:46:32 - [TEST_STEP][PASSED] - platform.ResponseDesigner.deleteDefaultTextTemplate(): platform.ResponseDesigner.deleteDefaultTextTemplate is PASSED&#xD;
&#xD;
2020-09-28 14:46:34 - [MESSAGE][PASSED] - Scroll to object 'Object Repository/WEB_OBJECTS/trashIcon' successfully&#xD;
&#xD;
2020-09-28 14:46:37 - [MESSAGE][PASSED] - Object 'Object Repository/WEB_OBJECTS/trashIcon' is visible&#xD;
&#xD;
2020-09-28 14:46:39 - [MESSAGE][PASSED] - platform.ResponseDesigner.deleteDefaultTextTemplate is PASSED&#xD;
&#xD;
2020-09-28 14:46:39 - [TEST_STEP][PASSED] - for ([count = 1, count &lt;= testData.getRowNumbers(), (count++)]): null&#xD;
&#xD;
2020-09-28 14:46:39 - [TEST_STEP][PASSED] - platform.ResponseDesigner.configureCarouselResponse(count, null, testData.getValue("bhk_carousel_url", count), testData.getValue("bhk_carousel_header", count), testData.getValue("carousel_payload_label", count), testData.getValue("carousel_payload_question", count)): platform.ResponseDesigner.configureCarouselResponse is PASSED&#xD;
&#xD;
2020-09-28 14:46:41 - [MESSAGE][PASSED] - Modify property of object successfully&#xD;
&#xD;
2020-09-28 14:46:46 - [MESSAGE][PASSED] - Text 'https://cdn.home-designing.com/wp-content/uploads/2014/06/Springs-Apartment-Layout.jpg' is set on object 'Object Repository/WEB_OBJECTS/mediaURL'&#xD;
&#xD;
2020-09-28 14:46:52 - [MESSAGE][PASSED] - Text '2BHK' is set on object 'Object Repository/WEB_OBJECTS/input'&#xD;
&#xD;
2020-09-28 14:46:53 - [MESSAGE][PASSED] - Object 'Object Repository/WEB_OBJECTS/button' is present&#xD;
&#xD;
2020-09-28 14:46:57 - [MESSAGE][PASSED] - Object 'Object Repository/WEB_OBJECTS/popUp' is present&#xD;
&#xD;
2020-09-28 14:46:57 - [MESSAGE][PASSED] - Modify property of object successfully&#xD;
&#xD;
2020-09-28 14:47:00 - [MESSAGE][PASSED] - Text 'Contact here!' is set on object 'Object Repository/WEB_OBJECTS/input'&#xD;
&#xD;
2020-09-28 14:47:04 - [MESSAGE][PASSED] - Text 'How can I contact this property?' is set on object 'Object Repository/WEB_OBJECTS/payload'&#xD;
&#xD;
2020-09-28 14:47:06 - [MESSAGE][PASSED] - platform.ResponseDesigner.configureCarouselResponse is PASSED&#xD;
&#xD;
2020-09-28 14:47:06 - [TEST_STEP][PASSED] - if (testData.getValue("bhk_carousel_header", count + 1) == ""): null&#xD;
&#xD;
2020-09-28 14:47:06 - [TEST_STEP][PASSED] - else: platform.Method.clickOnElement is PASSED&#xD;
&#xD;
2020-09-28 14:47:06 - [TEST_STEP][PASSED] - platform.Method.clickOnElement(findTestObject("ICONS/addCarousel")): platform.Method.clickOnElement is PASSED&#xD;
&#xD;
2020-09-28 14:47:09 - [MESSAGE][PASSED] - platform.Method.clickOnElement is PASSED&#xD;
&#xD;
2020-09-28 14:47:09 - [TEST_STEP][PASSED] - platform.ResponseDesigner.configureCarouselResponse(count, null, testData.getValue("bhk_carousel_url", count), testData.getValue("bhk_carousel_header", count), testData.getValue("carousel_payload_label", count), testData.getValue("carousel_payload_question", count)): platform.ResponseDesigner.configureCarouselResponse is PASSED&#xD;
&#xD;
2020-09-28 14:47:12 - [MESSAGE][PASSED] - Modify property of object successfully&#xD;
&#xD;
2020-09-28 14:47:17 - [MESSAGE][PASSED] - Text 'https://thearchitectsdiary.com/wp-content/uploads/2017/12/IMGL2438-copy-Large.jpg' is set on object 'Object Repository/WEB_OBJECTS/mediaURL'&#xD;
&#xD;
2020-09-28 14:47:23 - [MESSAGE][PASSED] - Text '3BHK' is set on object 'Object Repository/WEB_OBJECTS/input'&#xD;
&#xD;
2020-09-28 14:47:44 - [MESSAGE][INFO] - Unable to find the element located by 'By.xpath: (//div[@class='carousel-main']//button[@type='primary'])[2]'. Please recheck the objects properties to make sure the desired element is located. &#xD;
&#xD;
2020-09-28 14:47:44 - [MESSAGE][WARNING] - Object 'Object Repository/WEB_OBJECTS/button' is not present after 20 second(s)&#xD;
&#xD;
2020-09-28 14:47:48 - [MESSAGE][PASSED] - Object 'Object Repository/WEB_OBJECTS/popUp' is present&#xD;
&#xD;
2020-09-28 14:47:48 - [MESSAGE][PASSED] - Modify property of object successfully&#xD;
&#xD;
2020-09-28 14:47:51 - [MESSAGE][PASSED] - Text 'Click to contact' is set on object 'Object Repository/WEB_OBJECTS/input'&#xD;
&#xD;
2020-09-28 14:47:55 - [MESSAGE][PASSED] - Text 'How can I contact this property?' is set on object 'Object Repository/WEB_OBJECTS/payload'&#xD;
&#xD;
2020-09-28 14:47:58 - [MESSAGE][PASSED] - platform.ResponseDesigner.configureCarouselResponse is PASSED&#xD;
&#xD;
2020-09-28 14:47:58 - [TEST_STEP][PASSED] - if (testData.getValue("bhk_carousel_header", count + 1) == ""): null&#xD;
&#xD;
2020-09-28 14:47:58 - [TEST_STEP][PASSED] - break: null&#xD;
&#xD;
2020-09-28 14:47:58 - [TEST_STEP][ERROR] - platform.Articles.saveAndTrainArticleToExistingCategory(" Unassigned "): com.kms.katalon.core.webui.exception.WebElementNotFoundException: Web element with id: 'Object Repository/Generic/existingCategory' located by 'By.xpath: //mat-select[@formcontrolname='existingCategoryName']' not found&#xD;
&#xD;
2020-09-28 14:48:06 - [MESSAGE][INFO] - Unable to find the element located by 'By.xpath: //mat-select[@formcontrolname='existingCategoryName']'. Please recheck the objects properties to make sure the desired element is located. &#xD;
&#xD;
2020-09-28 14:48:06 - [MESSAGE][ERROR] - com.kms.katalon.core.webui.exception.WebElementNotFoundException: Web element with id: 'Object Repository/Generic/existingCategory' located by 'By.xpath: //mat-select[@formcontrolname='existingCategoryName']' not found</system-out>
            <system-err>2020-09-28 14:41:45 - [TEST_CASE][ERROR] - Test Cases/SetUp/setUpCustomSyn_ShareablePreview2: Test Cases/SetUp/setUpCustomSyn_ShareablePreview2 FAILED.
Reason:
org.codehaus.groovy.runtime.InvokerInvocationException: com.kms.katalon.core.webui.exception.WebElementNotFoundException: Web element with id: 'Object Repository/Generic/existingCategory' located by 'By.xpath: //mat-select[@formcontrolname='existingCategoryName']' not found&#xD;
	at platform.Method.invokeMethod(Method.groovy)&#xD;
	at com.kms.katalon.core.main.CustomKeywordDelegatingMetaClass.invokeStaticMethod(CustomKeywordDelegatingMetaClass.java:50)&#xD;
	at setUpCustomSyn_ShareablePreview2.run(setUpCustomSyn_ShareablePreview2:99)&#xD;
	at com.kms.katalon.core.main.ScriptEngine.run(ScriptEngine.java:194)&#xD;
	at com.kms.katalon.core.main.ScriptEngine.runScriptAsRawText(ScriptEngine.java:119)&#xD;
	at com.kms.katalon.core.main.TestCaseExecutor.runScript(TestCaseExecutor.java:337)&#xD;
	at com.kms.katalon.core.main.TestCaseExecutor.doExecute(TestCaseExecutor.java:328)&#xD;
	at com.kms.katalon.core.main.TestCaseExecutor.processExecutionPhase(TestCaseExecutor.java:307)&#xD;
	at com.kms.katalon.core.main.TestCaseExecutor.accessMainPhase(TestCaseExecutor.java:299)&#xD;
	at com.kms.katalon.core.main.TestCaseExecutor.execute(TestCaseExecutor.java:233)&#xD;
	at com.kms.katalon.core.main.TestSuiteExecutor.accessTestCaseMainPhase(TestSuiteExecutor.java:169)&#xD;
	at com.kms.katalon.core.main.TestSuiteExecutor.accessTestSuiteMainPhase(TestSuiteExecutor.java:142)&#xD;
	at com.kms.katalon.core.main.TestSuiteExecutor.execute(TestSuiteExecutor.java:91)&#xD;
	at com.kms.katalon.core.main.TestCaseMain.startTestSuite(TestCaseMain.java:157)&#xD;
	at com.kms.katalon.core.main.TestCaseMain$startTestSuite$0.call(Unknown Source)&#xD;
	at TempTestSuite1601284238112.run(TempTestSuite1601284238112.groovy:35)&#xD;
Caused by: com.kms.katalon.core.webui.exception.WebElementNotFoundException: Web element with id: 'Object Repository/Generic/existingCategory' located by 'By.xpath: //mat-select[@formcontrolname='existingCategoryName']' not found&#xD;
	at com.kms.katalon.core.webui.common.WebUiCommonHelper.findWebElement(WebUiCommonHelper.java:1097)&#xD;
	at com.kms.katalon.core.webui.common.WebUiCommonHelper$findWebElement.call(Unknown Source)&#xD;
	at platform.Method.clickOnElement(Method.groovy:32)&#xD;
	at platform.Articles.saveAndTrainArticleToExistingCategory(Articles.groovy:54)&#xD;
	... 16 more</system-err>
        </testcase>
        <testcase name="Test Cases/SetUp/setUpCustomSyn_ShareablePreview3" classname="Test Cases/SetUp/setUpCustomSyn_ShareablePreview3" status="ERROR">
            <error type="ERROR" message="Test Cases/SetUp/setUpCustomSyn_ShareablePreview3 FAILED.&#xA;Reason:&#xA;org.codehaus.groovy.runtime.InvokerInvocationException: com.kms.katalon.core.webui.exception.WebElementNotFoundException: Web element with id: 'Object Repository/Button/createArticle' located by 'By.xpath: //button//span[contains(text(),'+ Create new article')]' not found&#xD;&#xA;&#x9;at platform.Method.invokeMethod(Method.groovy)&#xD;&#xA;&#x9;at com.kms.katalon.core.main.CustomKeywordDelegatingMetaClass.invokeStaticMethod(CustomKeywordDelegatingMetaClass.java:50)&#xD;&#xA;&#x9;at setUpCustomSyn_ShareablePreview3.run(setUpCustomSyn_ShareablePreview3:28)&#xD;&#xA;&#x9;at com.kms.katalon.core.main.ScriptEngine.run(ScriptEngine.java:194)&#xD;&#xA;&#x9;at com.kms.katalon.core.main.ScriptEngine.runScriptAsRawText(ScriptEngine.java:119)&#xD;&#xA;&#x9;at com.kms.katalon.core.main.TestCaseExecutor.runScript(TestCaseExecutor.java:337)&#xD;&#xA;&#x9;at com.kms.katalon.core.main.TestCaseExecutor.doExecute(TestCaseExecutor.java:328)&#xD;&#xA;&#x9;at com.kms.katalon.core.main.TestCaseExecutor.processExecutionPhase(TestCaseExecutor.java:307)&#xD;&#xA;&#x9;at com.kms.katalon.core.main.TestCaseExecutor.accessMainPhase(TestCaseExecutor.java:299)&#xD;&#xA;&#x9;at com.kms.katalon.core.main.TestCaseExecutor.execute(TestCaseExecutor.java:233)&#xD;&#xA;&#x9;at com.kms.katalon.core.main.TestSuiteExecutor.accessTestCaseMainPhase(TestSuiteExecutor.java:169)&#xD;&#xA;&#x9;at com.kms.katalon.core.main.TestSuiteExecutor.accessTestSuiteMainPhase(TestSuiteExecutor.java:142)&#xD;&#xA;&#x9;at com.kms.katalon.core.main.TestSuiteExecutor.execute(TestSuiteExecutor.java:91)&#xD;&#xA;&#x9;at com.kms.katalon.core.main.TestCaseMain.startTestSuite(TestCaseMain.java:157)&#xD;&#xA;&#x9;at com.kms.katalon.core.main.TestCaseMain$startTestSuite$0.call(Unknown Source)&#xD;&#xA;&#x9;at TempTestSuite1601284238112.run(TempTestSuite1601284238112.groovy:35)&#xD;&#xA;Caused by: com.kms.katalon.core.webui.exception.WebElementNotFoundException: Web element with id: 'Object Repository/Button/createArticle' located by 'By.xpath: //button//span[contains(text(),'+ Create new article')]' not found&#xD;&#xA;&#x9;at com.kms.katalon.core.webui.common.WebUiCommonHelper.findWebElement(WebUiCommonHelper.java:1097)&#xD;&#xA;&#x9;at com.kms.katalon.core.webui.common.WebUiCommonHelper$findWebElement.call(Unknown Source)&#xD;&#xA;&#x9;at platform.Method.clickOnElement(Method.groovy:32)&#xD;&#xA;&#x9;at platform.Articles.createNewArticle(Articles.groovy:41)&#xD;&#xA;&#x9;... 16 more&#xD;&#xA;"/>
            <system-out>2020-09-28 14:48:06 - [TEST_CASE][ERROR] - Test Cases/SetUp/setUpCustomSyn_ShareablePreview3: Test Cases/SetUp/setUpCustomSyn_ShareablePreview3 FAILED.
Reason:
org.codehaus.groovy.runtime.InvokerInvocationException: com.kms.katalon.core.webui.exception.WebElementNotFoundException: Web element with id: 'Object Repository/Button/createArticle' located by 'By.xpath: //button//span[contains(text(),'+ Create new article')]' not found&#xD;
	at platform.Method.invokeMethod(Method.groovy)&#xD;
	at com.kms.katalon.core.main.CustomKeywordDelegatingMetaClass.invokeStaticMethod(CustomKeywordDelegatingMetaClass.java:50)&#xD;
	at setUpCustomSyn_ShareablePreview3.run(setUpCustomSyn_ShareablePreview3:28)&#xD;
	at com.kms.katalon.core.main.ScriptEngine.run(ScriptEngine.java:194)&#xD;
	at com.kms.katalon.core.main.ScriptEngine.runScriptAsRawText(ScriptEngine.java:119)&#xD;
	at com.kms.katalon.core.main.TestCaseExecutor.runScript(TestCaseExecutor.java:337)&#xD;
	at com.kms.katalon.core.main.TestCaseExecutor.doExecute(TestCaseExecutor.java:328)&#xD;
	at com.kms.katalon.core.main.TestCaseExecutor.processExecutionPhase(TestCaseExecutor.java:307)&#xD;
	at com.kms.katalon.core.main.TestCaseExecutor.accessMainPhase(TestCaseExecutor.java:299)&#xD;
	at com.kms.katalon.core.main.TestCaseExecutor.execute(TestCaseExecutor.java:233)&#xD;
	at com.kms.katalon.core.main.TestSuiteExecutor.accessTestCaseMainPhase(TestSuiteExecutor.java:169)&#xD;
	at com.kms.katalon.core.main.TestSuiteExecutor.accessTestSuiteMainPhase(TestSuiteExecutor.java:142)&#xD;
	at com.kms.katalon.core.main.TestSuiteExecutor.execute(TestSuiteExecutor.java:91)&#xD;
	at com.kms.katalon.core.main.TestCaseMain.startTestSuite(TestCaseMain.java:157)&#xD;
	at com.kms.katalon.core.main.TestCaseMain$startTestSuite$0.call(Unknown Source)&#xD;
	at TempTestSuite1601284238112.run(TempTestSuite1601284238112.groovy:35)&#xD;
Caused by: com.kms.katalon.core.webui.exception.WebElementNotFoundException: Web element with id: 'Object Repository/Button/createArticle' located by 'By.xpath: //button//span[contains(text(),'+ Create new article')]' not found&#xD;
	at com.kms.katalon.core.webui.common.WebUiCommonHelper.findWebElement(WebUiCommonHelper.java:1097)&#xD;
	at com.kms.katalon.core.webui.common.WebUiCommonHelper$findWebElement.call(Unknown Source)&#xD;
	at platform.Method.clickOnElement(Method.groovy:32)&#xD;
	at platform.Articles.createNewArticle(Articles.groovy:41)&#xD;
	... 16 more&#xD;
&#xD;
&#xD;
2020-09-28 14:48:07 - [TEST_STEP][PASSED] - platform.Method.clickOnElement(findTestObject("Generic/articles")): platform.Method.clickOnElement is PASSED&#xD;
&#xD;
2020-09-28 14:48:09 - [MESSAGE][PASSED] - platform.Method.clickOnElement is PASSED&#xD;
&#xD;
2020-09-28 14:48:09 - [TEST_STEP][PASSED] - testData = findTestData("Data Files/testData_Dummy"): null&#xD;
&#xD;
2020-09-28 14:48:09 - [TEST_STEP][ERROR] - platform.Articles.createNewArticle(testData, testData.getValue("article_default_question", 3)): com.kms.katalon.core.webui.exception.WebElementNotFoundException: Web element with id: 'Object Repository/Button/createArticle' located by 'By.xpath: //button//span[contains(text(),'+ Create new article')]' not found&#xD;
&#xD;
2020-09-28 14:48:16 - [MESSAGE][INFO] - Unable to find the element located by 'By.xpath: //button//span[contains(text(),'+ Create new article')]'. Please recheck the objects properties to make sure the desired element is located. &#xD;
&#xD;
2020-09-28 14:48:16 - [MESSAGE][ERROR] - com.kms.katalon.core.webui.exception.WebElementNotFoundException: Web element with id: 'Object Repository/Button/createArticle' located by 'By.xpath: //button//span[contains(text(),'+ Create new article')]' not found</system-out>
            <system-err>2020-09-28 14:48:06 - [TEST_CASE][ERROR] - Test Cases/SetUp/setUpCustomSyn_ShareablePreview3: Test Cases/SetUp/setUpCustomSyn_ShareablePreview3 FAILED.
Reason:
org.codehaus.groovy.runtime.InvokerInvocationException: com.kms.katalon.core.webui.exception.WebElementNotFoundException: Web element with id: 'Object Repository/Button/createArticle' located by 'By.xpath: //button//span[contains(text(),'+ Create new article')]' not found&#xD;
	at platform.Method.invokeMethod(Method.groovy)&#xD;
	at com.kms.katalon.core.main.CustomKeywordDelegatingMetaClass.invokeStaticMethod(CustomKeywordDelegatingMetaClass.java:50)&#xD;
	at setUpCustomSyn_ShareablePreview3.run(setUpCustomSyn_ShareablePreview3:28)&#xD;
	at com.kms.katalon.core.main.ScriptEngine.run(ScriptEngine.java:194)&#xD;
	at com.kms.katalon.core.main.ScriptEngine.runScriptAsRawText(ScriptEngine.java:119)&#xD;
	at com.kms.katalon.core.main.TestCaseExecutor.runScript(TestCaseExecutor.java:337)&#xD;
	at com.kms.katalon.core.main.TestCaseExecutor.doExecute(TestCaseExecutor.java:328)&#xD;
	at com.kms.katalon.core.main.TestCaseExecutor.processExecutionPhase(TestCaseExecutor.java:307)&#xD;
	at com.kms.katalon.core.main.TestCaseExecutor.accessMainPhase(TestCaseExecutor.java:299)&#xD;
	at com.kms.katalon.core.main.TestCaseExecutor.execute(TestCaseExecutor.java:233)&#xD;
	at com.kms.katalon.core.main.TestSuiteExecutor.accessTestCaseMainPhase(TestSuiteExecutor.java:169)&#xD;
	at com.kms.katalon.core.main.TestSuiteExecutor.accessTestSuiteMainPhase(TestSuiteExecutor.java:142)&#xD;
	at com.kms.katalon.core.main.TestSuiteExecutor.execute(TestSuiteExecutor.java:91)&#xD;
	at com.kms.katalon.core.main.TestCaseMain.startTestSuite(TestCaseMain.java:157)&#xD;
	at com.kms.katalon.core.main.TestCaseMain$startTestSuite$0.call(Unknown Source)&#xD;
	at TempTestSuite1601284238112.run(TempTestSuite1601284238112.groovy:35)&#xD;
Caused by: com.kms.katalon.core.webui.exception.WebElementNotFoundException: Web element with id: 'Object Repository/Button/createArticle' located by 'By.xpath: //button//span[contains(text(),'+ Create new article')]' not found&#xD;
	at com.kms.katalon.core.webui.common.WebUiCommonHelper.findWebElement(WebUiCommonHelper.java:1097)&#xD;
	at com.kms.katalon.core.webui.common.WebUiCommonHelper$findWebElement.call(Unknown Source)&#xD;
	at platform.Method.clickOnElement(Method.groovy:32)&#xD;
	at platform.Articles.createNewArticle(Articles.groovy:41)&#xD;
	... 16 more</system-err>
        </testcase>
        <system-out>2020-09-28 14:40:47 - [TEST_SUITE][INCOMPLETE] - write: null</system-out>
        <system-err>2020-09-28 14:40:47 - [TEST_SUITE][INCOMPLETE] - write: null</system-err>
    </testsuite>
</testsuites>
