<?xml version="1.0" encoding="UTF-8" standalone="yes"?>
<testsuites name="v4.4_TaskSuite" time="264" tests="4" failures="0" errors="3">
    <testsuite name="v4.4_TaskSuite" tests="4" failures="0" errors="3" time="264" timestamp="2020-10-08 19:44:28" hostname="narendra.n - WLPT580.imidomain.com" id="Test Suites/v4.4_TaskSuite">
        <properties>
            <property name="deviceName" value=""/>
            <property name="devicePlatform" value=""/>
            <property name="logFolder" value="D:\\IMIbot.ai-Project\\Reports\\20201008_194418\\v4.4_TaskSuite\\20201008_194418"/>
            <property name="logFiles" value="D:\\IMIbot.ai-Project\\Reports\\20201008_194418\\v4.4_TaskSuite\\20201008_194418\\execution0.log"/>
            <property name="attachments" value="D:\\IMIbot.ai-Project\\Reports\\20201008_194418\\v4.4_TaskSuite\\20201008_194418\\D:/IMIbot.ai-Project/Screenshot/map_loc.jpg"/>
            <property name="hostName" value="narendra.n - WLPT580.imidomain.com"/>
            <property name="os" value="Windows 8.1 64bit"/>
            <property name="katalonVersion" value="6.3.3.11"/>
            <property name="browser" value="Chrome 86.0.4240.75"/>
            <property name="hostAddress" value="192.168.29.195"/>
            <property name="sessionId" value="f4aa2d3cd9578d059c59939ab3f5bedc"/>
            <property name="seleniumVersion" value="3.141.59"/>
            <property name="proxyInformation" value="ProxyInformation{proxyOption=NO_PROXY, proxyServerType=HTTP, password=, proxyServerAddress=, proxyServerPort=0}"/>
            <property name="platform" value="Windows 8.1"/>
        </properties>
        <testcase name="Test Cases/TASK_SSO/botCreation_Test" classname="Test Cases/TASK_SSO/botCreation_Test" status="PASSED">
            <system-out>2020-10-08 19:45:17 - [TEST_CASE][PASSED] - Test Cases/TASK_SSO/botCreation_Test: Test Cases/TASK_SSO/botCreation_Test&#xD;
&#xD;
2020-10-08 19:45:18 - [TEST_STEP][PASSED] - platform.Method.clickOnElement(findTestObject("Generic/webObjectWithText", ["textValue":"Task bots"])): platform.Method.clickOnElement is PASSED&#xD;
&#xD;
2020-10-08 19:45:21 - [MESSAGE][PASSED] - platform.Method.clickOnElement is PASSED&#xD;
&#xD;
2020-10-08 19:45:21 - [TEST_STEP][PASSED] - platform.Method.clickOnElement(findTestObject("Button/createBot")): platform.Method.clickOnElement is PASSED&#xD;
&#xD;
2020-10-08 19:45:24 - [MESSAGE][PASSED] - platform.Method.clickOnElement is PASSED&#xD;
&#xD;
2020-10-08 19:45:24 - [TEST_STEP][PASSED] - sendKeys(findTestObject("Input/botName"), nameOfTheBot): Keys 'v4.4 Task-Testbot' sent to object: 'Object Repository/Input/botName'&#xD;
&#xD;
2020-10-08 19:45:27 - [MESSAGE][PASSED] - Keys 'v4.4 Task-Testbot' sent to object: 'Object Repository/Input/botName'&#xD;
&#xD;
2020-10-08 19:45:27 - [TEST_STEP][PASSED] - platform.Method.clickOnElement(findTestObject("Toggle/feedback")): platform.Method.clickOnElement is PASSED&#xD;
&#xD;
2020-10-08 19:45:29 - [MESSAGE][PASSED] - platform.Method.clickOnElement is PASSED&#xD;
&#xD;
2020-10-08 19:45:29 - [TEST_STEP][PASSED] - platform.Method.clickOnElement(findTestObject("Button/done")): platform.Method.clickOnElement is PASSED&#xD;
&#xD;
2020-10-08 19:45:32 - [MESSAGE][PASSED] - platform.Method.clickOnElement is PASSED&#xD;
&#xD;
2020-10-08 19:45:32 - [TEST_STEP][PASSED] - waitForElementVisible(findTestObject("Generic/modelState"), 60, OPTIONAL): Object 'Object Repository/Generic/modelState' is visible&#xD;
&#xD;
2020-10-08 19:45:42 - [MESSAGE][PASSED] - Object 'Object Repository/Generic/modelState' is visible&#xD;
&#xD;
2020-10-08 19:45:42 - [TEST_STEP][PASSED] - if (!(verifyElementText(findTestObject("Generic/modelState"), "Trained", OPTIONAL))): Actual text and expected text of test object 'Object Repository/Generic/modelState' are matched.&#xD;
&#xD;
2020-10-08 19:45:44 - [MESSAGE][PASSED] - Actual text and expected text of test object 'Object Repository/Generic/modelState' are matched.</system-out>
            <system-err></system-err>
        </testcase>
        <testcase name="Test Cases/Sprint/v4.4/mapLocationEntityCreation_Test" classname="Test Cases/Sprint/v4.4/mapLocationEntityCreation_Test" status="PASSED">
            <system-out>2020-10-08 19:45:44 - [TEST_CASE][PASSED] - Test Cases/Sprint/v4.4/mapLocationEntityCreation_Test: Test Cases/Sprint/v4.4/mapLocationEntityCreation_Test&#xD;
&#xD;
2020-10-08 19:45:44 - [TEST_STEP][PASSED] - platform.Method.clickOnElement(findTestObject("Generic/training")): platform.Method.clickOnElement is PASSED&#xD;
&#xD;
2020-10-08 19:45:47 - [MESSAGE][PASSED] - platform.Method.clickOnElement is PASSED&#xD;
&#xD;
2020-10-08 19:45:47 - [TEST_STEP][PASSED] - testData = findTestData("Data Files/testData_Task"): null&#xD;
&#xD;
2020-10-08 19:45:51 - [TEST_STEP][PASSED] - platform.Method.clickOnElement(findTestObject("Generic/webObjectWithText", ["textValue":"Entities"])): platform.Method.clickOnElement is PASSED&#xD;
&#xD;
2020-10-08 19:45:53 - [MESSAGE][PASSED] - platform.Method.clickOnElement is PASSED&#xD;
&#xD;
2020-10-08 19:45:53 - [TEST_STEP][PASSED] - comment(" *** SCENARIO 1 STARTED ***"):  *** SCENARIO 1 STARTED ***&#xD;
&#xD;
2020-10-08 19:45:53 - [MESSAGE][INFO] -  *** SCENARIO 1 STARTED ***&#xD;
&#xD;
2020-10-08 19:45:53 - [TEST_STEP][PASSED] - platform.Method.clickOnElement(findTestObject("Button/createEntity")): platform.Method.clickOnElement is PASSED&#xD;
&#xD;
2020-10-08 19:45:56 - [MESSAGE][PASSED] - platform.Method.clickOnElement is PASSED&#xD;
&#xD;
2020-10-08 19:45:56 - [TEST_STEP][PASSED] - platform.Training.createEntity(testData.getValue("map_entity", 1), " Map location (whatsapp) ", null): platform.Training.createEntity is PASSED&#xD;
&#xD;
2020-10-08 19:45:59 - [MESSAGE][PASSED] - Keys 'map' sent to object: 'Object Repository/Input/entityName'&#xD;
&#xD;
2020-10-08 19:46:01 - [MESSAGE][INFO] - Entity Type:  Map location (whatsapp) &#xD;
&#xD;
2020-10-08 19:46:06 - [MESSAGE][PASSED] - platform.Training.createEntity is PASSED&#xD;
&#xD;
2020-10-08 19:46:06 - [TEST_STEP][PASSED] - waitForElementPresent(findTestObject("ICONS/toastMsg"), 20, CONTINUE_ON_FAILURE): Object 'Object Repository/ICONS/toastMsg' is present&#xD;
&#xD;
2020-10-08 19:46:07 - [MESSAGE][PASSED] - Object 'Object Repository/ICONS/toastMsg' is present&#xD;
&#xD;
2020-10-08 19:46:07 - [TEST_STEP][PASSED] - comment(" *** VALIDATION --&gt; ENTITY CREATION CHECK ***"):  *** VALIDATION --&gt; ENTITY CREATION CHECK ***&#xD;
&#xD;
2020-10-08 19:46:07 - [MESSAGE][INFO] -  *** VALIDATION --&gt; ENTITY CREATION CHECK ***&#xD;
&#xD;
2020-10-08 19:46:07 - [TEST_STEP][PASSED] - mapElement = findWebElements(findTestObject("GenericII/listOfEntityNames"), 5).get(0): null&#xD;
&#xD;
2020-10-08 19:46:08 - [TEST_STEP][PASSED] - assert getText().contentEquals("map") == true: null&#xD;
&#xD;
2020-10-08 19:46:09 - [TEST_STEP][PASSED] - comment(" *** SCENARIO 2 STARTED ***"):  *** SCENARIO 2 STARTED ***&#xD;
&#xD;
2020-10-08 19:46:09 - [MESSAGE][INFO] -  *** SCENARIO 2 STARTED ***&#xD;
&#xD;
2020-10-08 19:46:09 - [TEST_STEP][PASSED] - mapElement.click(): null&#xD;
&#xD;
2020-10-08 19:46:11 - [TEST_STEP][PASSED] - setText(findTestObject("Input/entityName"), testData.getValue("map_entity", 2)): Text 'new map' is set on object 'Object Repository/Input/entityName'&#xD;
&#xD;
2020-10-08 19:46:15 - [MESSAGE][PASSED] - Text 'new map' is set on object 'Object Repository/Input/entityName'&#xD;
&#xD;
2020-10-08 19:46:15 - [TEST_STEP][PASSED] - platform.Method.clickOnElement(findTestObject("Button/entityPageSaveButton")): platform.Method.clickOnElement is PASSED&#xD;
&#xD;
2020-10-08 19:46:17 - [MESSAGE][PASSED] - platform.Method.clickOnElement is PASSED&#xD;
&#xD;
2020-10-08 19:46:17 - [TEST_STEP][PASSED] - waitForElementPresent(findTestObject("ICONS/toastMsg"), 20, CONTINUE_ON_FAILURE): Object 'Object Repository/ICONS/toastMsg' is present&#xD;
&#xD;
2020-10-08 19:46:18 - [MESSAGE][PASSED] - Object 'Object Repository/ICONS/toastMsg' is present&#xD;
&#xD;
2020-10-08 19:46:18 - [TEST_STEP][PASSED] - comment(" *** VALIDATION --&gt; ENTITY NAME UPDATE CHECK ***"):  *** VALIDATION --&gt; ENTITY NAME UPDATE CHECK ***&#xD;
&#xD;
2020-10-08 19:46:18 - [MESSAGE][INFO] -  *** VALIDATION --&gt; ENTITY NAME UPDATE CHECK ***&#xD;
&#xD;
2020-10-08 19:46:18 - [TEST_STEP][PASSED] - mapElement = findWebElements(findTestObject("GenericII/listOfEntityNames"), 5).get(0): null&#xD;
&#xD;
2020-10-08 19:46:19 - [TEST_STEP][PASSED] - assert getText().contentEquals("new map") == true: null&#xD;
&#xD;
2020-10-08 19:46:20 - [TEST_STEP][PASSED] - platform.Method.clickOnElement(findTestObject("Generic/response")): platform.Method.clickOnElement is PASSED&#xD;
&#xD;
2020-10-08 19:46:23 - [MESSAGE][PASSED] - platform.Method.clickOnElement is PASSED&#xD;
&#xD;
2020-10-08 19:46:23 - [TEST_STEP][PASSED] - platform.Response.createRichResponse(testData.getValue("rich_template", 6), testData.getValue("rich_template_value", 6)): platform.Response.createRichResponse is PASSED&#xD;
&#xD;
2020-10-08 19:46:29 - [MESSAGE][PASSED] - Text 'map_response' is set on object 'Object Repository/NewRepo2/templateKeyName'&#xD;
&#xD;
2020-10-08 19:46:33 - [MESSAGE][PASSED] - Delayed 2 second(s)&#xD;
&#xD;
2020-10-08 19:46:37 - [MESSAGE][PASSED] - Keys 'Your map response is stored in here' sent to object: 'Object Repository/Input/textResponse'&#xD;
&#xD;
2020-10-08 19:46:39 - [MESSAGE][PASSED] - platform.Response.createRichResponse is PASSED&#xD;
&#xD;
2020-10-08 19:46:39 - [TEST_STEP][PASSED] - waitForElementPresent(findTestObject("ICONS/toastMsg"), 20, CONTINUE_ON_FAILURE): Object 'Object Repository/ICONS/toastMsg' is present&#xD;
&#xD;
2020-10-08 19:46:40 - [MESSAGE][PASSED] - Object 'Object Repository/ICONS/toastMsg' is present</system-out>
            <system-err></system-err>
        </testcase>
        <testcase name="Test Cases/Sprint/v4.4/mapLocationEntityTaggingInIntent_Test" classname="Test Cases/Sprint/v4.4/mapLocationEntityTaggingInIntent_Test" status="PASSED">
            <system-out>2020-10-08 19:46:40 - [TEST_CASE][PASSED] - Test Cases/Sprint/v4.4/mapLocationEntityTaggingInIntent_Test: Test Cases/Sprint/v4.4/mapLocationEntityTaggingInIntent_Test&#xD;
&#xD;
2020-10-08 19:46:41 - [TEST_STEP][PASSED] - platform.Method.clickOnElement(findTestObject("Generic/training")): platform.Method.clickOnElement is PASSED&#xD;
&#xD;
2020-10-08 19:46:44 - [MESSAGE][PASSED] - platform.Method.clickOnElement is PASSED&#xD;
&#xD;
2020-10-08 19:46:44 - [TEST_STEP][PASSED] - testData = findTestData("Data Files/testData_Task"): null&#xD;
&#xD;
2020-10-08 19:46:45 - [TEST_STEP][PASSED] - platform.Training.addSingleUtterance(testData.getValue("map_utterance", 1)): platform.Training.addSingleUtterance is PASSED&#xD;
&#xD;
2020-10-08 19:46:50 - [MESSAGE][PASSED] - Keys 'map location test' sent to object: 'Object Repository/Input/utterance'&#xD;
&#xD;
2020-10-08 19:46:52 - [MESSAGE][PASSED] - platform.Training.addSingleUtterance is PASSED&#xD;
&#xD;
2020-10-08 19:46:52 - [TEST_STEP][PASSED] - element = findWebElement(findTestObject("Slots/listOfUtterance"), 5): null&#xD;
&#xD;
2020-10-08 19:46:53 - [TEST_STEP][PASSED] - element.click(): null&#xD;
&#xD;
2020-10-08 19:46:54 - [TEST_STEP][PASSED] - element.sendKeys(Keys.chord(CONTROL, "a")): null&#xD;
&#xD;
2020-10-08 19:46:56 - [TEST_STEP][PASSED] - element.click(): null&#xD;
&#xD;
2020-10-08 19:46:57 - [TEST_STEP][PASSED] - if (verifyElementNotPresent(findTestObject("Generic/entitySelection"), 20)): Text 'No entities found' is present on page &#xD;
&#xD;
2020-10-08 19:46:58 - [MESSAGE][PASSED] - Web element with id: 'Object Repository/Generic/entitySelection' located by 'By.xpath: //mat-select[@formcontrolname='entity_id']' is not present after '20' second(s)&#xD;
&#xD;
2020-10-08 19:46:58 - [TEST_STEP][PASSED] - verifyTextPresent("No entities found", false, CONTINUE_ON_FAILURE): Text 'No entities found' is present on page &#xD;
&#xD;
2020-10-08 19:47:01 - [MESSAGE][PASSED] - Text 'No entities found' is present on page &#xD;
&#xD;
2020-10-08 19:47:01 - [TEST_STEP][PASSED] - platform.Training.createNewEntityManually(testData.getValue("map_entity", 3), " Map location (whatsapp) ", null): platform.Training.createNewEntityManually is PASSED&#xD;
&#xD;
2020-10-08 19:47:06 - [MESSAGE][PASSED] - Keys 'demo map test' sent to object: 'Object Repository/Input/entityName'&#xD;
&#xD;
2020-10-08 19:47:08 - [MESSAGE][INFO] - Entity Type:  Map location (whatsapp) &#xD;
&#xD;
2020-10-08 19:47:13 - [MESSAGE][PASSED] - platform.Training.createNewEntityManually is PASSED&#xD;
&#xD;
2020-10-08 19:47:13 - [TEST_STEP][PASSED] - waitForElementPresent(findTestObject("ICONS/toastMsg"), 30, CONTINUE_ON_FAILURE): Object 'Object Repository/ICONS/toastMsg' is present&#xD;
&#xD;
2020-10-08 19:47:14 - [MESSAGE][PASSED] - Object 'Object Repository/ICONS/toastMsg' is present&#xD;
&#xD;
2020-10-08 19:47:14 - [TEST_STEP][PASSED] - verifyElementNotPresent(findTestObject("Slots/entityValue", ["rowValue":1]), 30, STOP_ON_FAILURE): Web element with id: 'Object Repository/Slots/entityValue' located by 'By.xpath: //tbody[2]/tr[1]/td[2]' is not present after '30' second(s)&#xD;
&#xD;
2020-10-08 19:47:15 - [MESSAGE][PASSED] - Web element with id: 'Object Repository/Slots/entityValue' located by 'By.xpath: //tbody[2]/tr[1]/td[2]' is not present after '30' second(s)&#xD;
&#xD;
2020-10-08 19:47:15 - [TEST_STEP][PASSED] - sendKeys(findTestObject("Input/intentName"), testData.getValue("intent_name", 7)): Keys 'map_intent' sent to object: 'Object Repository/Input/intentName'&#xD;
&#xD;
2020-10-08 19:47:18 - [MESSAGE][PASSED] - Keys 'map_intent' sent to object: 'Object Repository/Input/intentName'&#xD;
&#xD;
2020-10-08 19:47:18 - [TEST_STEP][PASSED] - sendKeys(findTestObject("Input/finalTempKey"), findTestData("Data Files/testData_Task").getValue("rich_template", 6)): Keys 'map_response' sent to object: 'Object Repository/Input/finalTempKey'&#xD;
&#xD;
2020-10-08 19:47:21 - [MESSAGE][PASSED] - Keys 'map_response' sent to object: 'Object Repository/Input/finalTempKey'&#xD;
&#xD;
2020-10-08 19:47:21 - [TEST_STEP][PASSED] - executeJavaScript("document.getElementsByClassName('bg-red')[0].classList.remove('bg-red');", null): Execute JavaScript 'document.getElementsByClassName('bg-red')[0].classList.remove('bg-red');' successfully&#xD;
&#xD;
2020-10-08 19:47:22 - [MESSAGE][PASSED] - Execute JavaScript 'document.getElementsByClassName('bg-red')[0].classList.remove('bg-red');' successfully&#xD;
&#xD;
2020-10-08 19:47:22 - [TEST_STEP][PASSED] - platform.Method.clickOnElement(findTestObject("Button/save", ["value":" Save "])): platform.Method.clickOnElement is PASSED&#xD;
&#xD;
2020-10-08 19:47:24 - [MESSAGE][PASSED] - platform.Method.clickOnElement is PASSED&#xD;
&#xD;
2020-10-08 19:47:24 - [TEST_STEP][PASSED] - verifyElementText(findTestObject("Generic/header"), "map_intent", STOP_ON_FAILURE): Actual text and expected text of test object 'Object Repository/Generic/header' are matched.&#xD;
&#xD;
2020-10-08 19:47:27 - [MESSAGE][PASSED] - Actual text and expected text of test object 'Object Repository/Generic/header' are matched.&#xD;
&#xD;
2020-10-08 19:47:27 - [TEST_STEP][PASSED] - platform.Method.clickOnElement(findTestObject("NewRepo/intentGoBack")): platform.Method.clickOnElement is PASSED&#xD;
&#xD;
2020-10-08 19:47:29 - [MESSAGE][PASSED] - platform.Method.clickOnElement is PASSED&#xD;
&#xD;
2020-10-08 19:47:29 - [TEST_STEP][PASSED] - platform.Method.clickOnElement(findTestObject("Generic/webObjectWithText", ["textValue":testData.getValue("intent_name", 7)])): platform.Method.clickOnElement is PASSED&#xD;
&#xD;
2020-10-08 19:47:32 - [MESSAGE][PASSED] - platform.Method.clickOnElement is PASSED&#xD;
&#xD;
2020-10-08 19:47:32 - [TEST_STEP][PASSED] - verifyElementNotPresent(findTestObject("Slots/markedUpEntity"), 20, STOP_ON_FAILURE): Web element with id: 'Object Repository/Slots/markedUpEntity' located by 'By.xpath: //span[@class='bg-red']' is not present after '20' second(s)&#xD;
&#xD;
2020-10-08 19:47:33 - [MESSAGE][PASSED] - Web element with id: 'Object Repository/Slots/markedUpEntity' located by 'By.xpath: //span[@class='bg-red']' is not present after '20' second(s)&#xD;
&#xD;
2020-10-08 19:47:33 - [TEST_STEP][PASSED] - platform.Method.clickOnElement(findTestObject("NewRepo/intentGoBack")): platform.Method.clickOnElement is PASSED&#xD;
&#xD;
2020-10-08 19:47:35 - [MESSAGE][PASSED] - platform.Method.clickOnElement is PASSED&#xD;
&#xD;
2020-10-08 19:47:35 - [TEST_STEP][PASSED] - verifyTextPresent("Training data", false, CONTINUE_ON_FAILURE): Text 'Training data' is present on page &#xD;
&#xD;
2020-10-08 19:47:38 - [MESSAGE][PASSED] - Text 'Training data' is present on page</system-out>
            <system-err></system-err>
        </testcase>
        <testcase name="Test Cases/Sprint/v4.4/mapLocationLinkToSlots_Test" classname="Test Cases/Sprint/v4.4/mapLocationLinkToSlots_Test" status="PASSED">
            <system-out>2020-10-08 19:47:38 - [TEST_CASE][PASSED] - Test Cases/Sprint/v4.4/mapLocationLinkToSlots_Test: Test Cases/Sprint/v4.4/mapLocationLinkToSlots_Test&#xD;
&#xD;
2020-10-08 19:47:39 - [TEST_STEP][PASSED] - platform.Method.clickOnElement(findTestObject("Generic/webObjectWithText", ["textValue":"map_intent"])): platform.Method.clickOnElement is PASSED&#xD;
&#xD;
2020-10-08 19:47:42 - [MESSAGE][PASSED] - platform.Method.clickOnElement is PASSED&#xD;
&#xD;
2020-10-08 19:47:42 - [TEST_STEP][PASSED] - comment(" *** SCENARIO 1 STARTED ***"):  *** SCENARIO 1 STARTED ***&#xD;
&#xD;
2020-10-08 19:47:42 - [MESSAGE][INFO] -  *** SCENARIO 1 STARTED ***&#xD;
&#xD;
2020-10-08 19:47:42 - [TEST_STEP][PASSED] - verifyElementPresent(findTestObject("Slots/linkEntity"), 10, CONTINUE_ON_FAILURE): Object 'Object Repository/Slots/linkEntity' is present&#xD;
&#xD;
2020-10-08 19:47:43 - [MESSAGE][PASSED] - Object 'Object Repository/Slots/linkEntity' is present&#xD;
&#xD;
2020-10-08 19:47:43 - [TEST_STEP][PASSED] - platform.Method.clickOnElement(findTestObject("Slots/linkEntity")): platform.Method.clickOnElement is PASSED&#xD;
&#xD;
2020-10-08 19:47:45 - [MESSAGE][PASSED] - platform.Method.clickOnElement is PASSED&#xD;
&#xD;
2020-10-08 19:47:45 - [TEST_STEP][PASSED] - listOfEntities = findWebElements(findTestObject("WEB_OBJECTS/entityList"), 20): null&#xD;
&#xD;
2020-10-08 19:47:46 - [TEST_STEP][PASSED] - flag = false: null&#xD;
&#xD;
2020-10-08 19:47:46 - [TEST_STEP][PASSED] - listOfElement = listOfEntities.iterator(): null&#xD;
&#xD;
2020-10-08 19:47:46 - [TEST_STEP][PASSED] - while (listOfElement.hasNext()): null&#xD;
&#xD;
2020-10-08 19:47:46 - [TEST_STEP][PASSED] - object = listOfElement.next(): null&#xD;
&#xD;
2020-10-08 19:47:46 - [TEST_STEP][PASSED] - if (getText().contentEquals("demo map test")): null&#xD;
&#xD;
2020-10-08 19:47:47 - [TEST_STEP][PASSED] - flag = true: null&#xD;
&#xD;
2020-10-08 19:47:47 - [TEST_STEP][PASSED] - if (flag == true): null&#xD;
&#xD;
2020-10-08 19:47:47 - [TEST_STEP][PASSED] - markPassed(" *** Map Location entity found *** "):  *** Map Location entity found *** &#xD;
&#xD;
2020-10-08 19:47:47 - [MESSAGE][PASSED] -  *** Map Location entity found *** &#xD;
&#xD;
2020-10-08 19:47:47 - [TEST_STEP][PASSED] - object.click(): null&#xD;
&#xD;
2020-10-08 19:47:49 - [TEST_STEP][PASSED] - break: null&#xD;
&#xD;
2020-10-08 19:47:49 - [TEST_STEP][PASSED] - if (flag == false): null&#xD;
&#xD;
2020-10-08 19:47:49 - [TEST_STEP][PASSED] - comment(" *** VALIDATION --&gt; ENTITY NAME IS PRESENT ON SLOTS ***"):  *** VALIDATION --&gt; ENTITY NAME IS PRESENT ON SLOTS ***&#xD;
&#xD;
2020-10-08 19:47:49 - [MESSAGE][INFO] -  *** VALIDATION --&gt; ENTITY NAME IS PRESENT ON SLOTS ***&#xD;
&#xD;
2020-10-08 19:47:49 - [TEST_STEP][PASSED] - verifyElementText(findTestObject("Slots/entityValue", ["rowValue":1]), "demo map test", CONTINUE_ON_FAILURE): Actual text and expected text of test object 'Object Repository/Slots/entityValue' are matched.&#xD;
&#xD;
2020-10-08 19:47:51 - [MESSAGE][PASSED] - Actual text and expected text of test object 'Object Repository/Slots/entityValue' are matched.&#xD;
&#xD;
2020-10-08 19:47:51 - [TEST_STEP][PASSED] - comment(" *** SCENARIO 2 STARTED ***"):  *** SCENARIO 2 STARTED ***&#xD;
&#xD;
2020-10-08 19:47:51 - [MESSAGE][INFO] -  *** SCENARIO 2 STARTED ***&#xD;
&#xD;
2020-10-08 19:47:51 - [TEST_STEP][PASSED] - testObject = modifyObjectProperty(findTestObject("Slots/checkbox"), "xpath", "not equals", newXpath, true, STOP_ON_FAILURE): Modify property of object successfully&#xD;
&#xD;
2020-10-08 19:47:51 - [MESSAGE][PASSED] - Modify property of object successfully&#xD;
&#xD;
2020-10-08 19:47:51 - [TEST_STEP][PASSED] - comment(" *** VALIDATION --&gt; CHECKBOX FIELD SHOULD HAVE ATTRIBUTE *DISABLED* ***"):  *** VALIDATION --&gt; CHECKBOX FIELD SHOULD HAVE ATTRIBUTE *DISABLED* ***&#xD;
&#xD;
2020-10-08 19:47:51 - [MESSAGE][INFO] -  *** VALIDATION --&gt; CHECKBOX FIELD SHOULD HAVE ATTRIBUTE *DISABLED* ***&#xD;
&#xD;
2020-10-08 19:47:51 - [TEST_STEP][PASSED] - verifyElementHasAttribute(testObject, "disabled", 20, CONTINUE_ON_FAILURE): Object 'Object Repository/Slots/checkbox' has attribute 'disabled'&#xD;
&#xD;
2020-10-08 19:47:53 - [MESSAGE][PASSED] - Object 'Object Repository/Slots/checkbox' has attribute 'disabled'&#xD;
&#xD;
2020-10-08 19:47:53 - [TEST_STEP][PASSED] - comment(" *** SCENARIO 3 STARTED ***"):  *** SCENARIO 3 STARTED ***&#xD;
&#xD;
2020-10-08 19:47:53 - [MESSAGE][INFO] -  *** SCENARIO 3 STARTED ***&#xD;
&#xD;
2020-10-08 19:47:53 - [TEST_STEP][PASSED] - setText(findTestObject("Slots/retries", ["rowValue":"1"]), "6", OPTIONAL): Text '6' is set on object 'Object Repository/Slots/retries'&#xD;
&#xD;
2020-10-08 19:47:57 - [MESSAGE][PASSED] - Text '6' is set on object 'Object Repository/Slots/retries'&#xD;
&#xD;
2020-10-08 19:47:57 - [TEST_STEP][PASSED] - takeScreenshot(getProjectDir() + "/Screenshot/" + image_title): Taking screenshot successfully&#xD;
&#xD;
2020-10-08 19:47:59 - [MESSAGE][PASSED] - Taking screenshot successfully&#xD;
[[ATTACHMENT|D:\\IMIbot.ai-Project\\Reports\\20201008_194418\\v4.4_TaskSuite\\20201008_194418\\D:/IMIbot.ai-Project/Screenshot/map_loc.jpg]]&#xD;
&#xD;
2020-10-08 19:47:59 - [TEST_STEP][PASSED] - platform.Method.clickOnElement(findTestObject("Button/save", ["value":" Save "])): platform.Method.clickOnElement is PASSED&#xD;
&#xD;
2020-10-08 19:48:01 - [MESSAGE][PASSED] - platform.Method.clickOnElement is PASSED&#xD;
&#xD;
2020-10-08 19:48:01 - [TEST_STEP][PASSED] - platform.Method.clickOnElement(findTestObject("NewRepo/intentGoBack")): platform.Method.clickOnElement is PASSED&#xD;
&#xD;
2020-10-08 19:48:03 - [MESSAGE][PASSED] - platform.Method.clickOnElement is PASSED&#xD;
&#xD;
2020-10-08 19:48:03 - [TEST_STEP][PASSED] - verifyTextPresent("Training data", false, CONTINUE_ON_FAILURE): Text 'Training data' is present on page &#xD;
&#xD;
2020-10-08 19:48:06 - [MESSAGE][PASSED] - Text 'Training data' is present on page &#xD;
&#xD;
2020-10-08 19:48:06 - [TEST_STEP][PASSED] - platform.Method.clickOnElement(findTestObject("Generic/webObjectWithText", ["textValue":"map_intent"])): platform.Method.clickOnElement is PASSED&#xD;
&#xD;
2020-10-08 19:48:09 - [MESSAGE][PASSED] - platform.Method.clickOnElement is PASSED&#xD;
&#xD;
2020-10-08 19:48:09 - [TEST_STEP][PASSED] - retryValue = executeJavaScript(getValue, null): Execute JavaScript 'return document.querySelector('[type="number"]').value;' successfully&#xD;
&#xD;
2020-10-08 19:48:10 - [MESSAGE][PASSED] - Execute JavaScript 'return document.querySelector('[type="number"]').value;' successfully&#xD;
&#xD;
2020-10-08 19:48:10 - [TEST_STEP][PASSED] - assert toString().contentEquals("6") == true: null&#xD;
&#xD;
2020-10-08 19:48:10 - [TEST_STEP][PASSED] - comment(" *** Navigate out of intent ***"):  *** Navigate out of intent ***&#xD;
&#xD;
2020-10-08 19:48:10 - [MESSAGE][INFO] -  *** Navigate out of intent ***&#xD;
&#xD;
2020-10-08 19:48:10 - [TEST_STEP][PASSED] - platform.Method.clickOnElement(findTestObject("NewRepo/intentGoBack")): platform.Method.clickOnElement is PASSED&#xD;
&#xD;
2020-10-08 19:48:12 - [MESSAGE][PASSED] - platform.Method.clickOnElement is PASSED</system-out>
            <system-err></system-err>
        </testcase>
        <testcase name="Test Cases/Sprint/v4.4/freeformEntityCreation_Test" classname="Test Cases/Sprint/v4.4/freeformEntityCreation_Test" status="ERROR">
            <error type="ERROR" message="Test Cases/Sprint/v4.4/freeformEntityCreation_Test FAILED.&#xA;Reason:&#xA;org.openqa.selenium.ElementClickInterceptedException: element click intercepted: Element &lt;div _ngcontent-aic-c73=&quot;&quot; class=&quot;textVal ng-star-inserted&quot;&gt;...&lt;/div&gt; is not clickable at point (390, 262). Other element would receive the click: &lt;div class=&quot;cdk-overlay-backdrop popover-backdrop cdk-overlay-backdrop-showing&quot;&gt;&lt;/div&gt;&#xA;  (Session info: chrome=86.0.4240.75)&#xA;Build info: version: '3.141.59', revision: 'e82be7d358', time: '2018-11-14T08:25:53'&#xA;System info: host: 'WLPT580', ip: '192.168.29.195', os.name: 'Windows 8.1', os.arch: 'amd64', os.version: '6.3', java.version: '1.8.0_181'&#xA;Driver info: com.kms.katalon.selenium.driver.CChromeDriver&#xA;Capabilities {acceptInsecureCerts: false, browserName: chrome, browserVersion: 86.0.4240.75, chrome: {chromedriverVersion: 86.0.4240.22 (398b0743353ff..., userDataDir: C:\Users\narendra.n\AppData...}, goog:chromeOptions: {debuggerAddress: localhost:61661}, javascriptEnabled: true, networkConnectionEnabled: false, pageLoadStrategy: normal, platform: WINDOWS, platformName: WINDOWS, proxy: Proxy(), setWindowRect: true, strictFileInteractability: false, timeouts: {implicit: 0, pageLoad: 300000, script: 30000}, unhandledPromptBehavior: dismiss and notify, webauthn:virtualAuthenticators: true}&#xA;Session ID: f4aa2d3cd9578d059c59939ab3f5bedc&#xD;&#xA;&#x9;at org.openqa.selenium.remote.http.W3CHttpResponseCodec.createException(W3CHttpResponseCodec.java:187)&#xD;&#xA;&#x9;at org.openqa.selenium.remote.http.W3CHttpResponseCodec.decode(W3CHttpResponseCodec.java:122)&#xD;&#xA;&#x9;at org.openqa.selenium.remote.http.W3CHttpResponseCodec.decode(W3CHttpResponseCodec.java:49)&#xD;&#xA;&#x9;at org.openqa.selenium.remote.HttpCommandExecutor.execute(HttpCommandExecutor.java:158)&#xD;&#xA;&#x9;at org.openqa.selenium.remote.service.DriverCommandExecutor.execute(DriverCommandExecutor.java:83)&#xD;&#xA;&#x9;at org.openqa.selenium.remote.RemoteWebDriver.execute(RemoteWebDriver.java:552)&#xD;&#xA;&#x9;at com.kms.katalon.selenium.driver.CChromeDriver.execute(CChromeDriver.java:20)&#xD;&#xA;&#x9;at org.openqa.selenium.remote.RemoteWebElement.execute(RemoteWebElement.java:285)&#xD;&#xA;&#x9;at org.openqa.selenium.remote.RemoteWebElement.click(RemoteWebElement.java:84)&#xD;&#xA;&#x9;at org.openqa.selenium.WebElement$click$0.call(Unknown Source)&#xD;&#xA;&#x9;at freeformEntityCreation_Test.run(freeformEntityCreation_Test:36)&#xD;&#xA;&#x9;at com.kms.katalon.core.main.ScriptEngine.run(ScriptEngine.java:194)&#xD;&#xA;&#x9;at com.kms.katalon.core.main.ScriptEngine.runScriptAsRawText(ScriptEngine.java:119)&#xD;&#xA;&#x9;at com.kms.katalon.core.main.TestCaseExecutor.runScript(TestCaseExecutor.java:337)&#xD;&#xA;&#x9;at com.kms.katalon.core.main.TestCaseExecutor.doExecute(TestCaseExecutor.java:328)&#xD;&#xA;&#x9;at com.kms.katalon.core.main.TestCaseExecutor.processExecutionPhase(TestCaseExecutor.java:307)&#xD;&#xA;&#x9;at com.kms.katalon.core.main.TestCaseExecutor.accessMainPhase(TestCaseExecutor.java:299)&#xD;&#xA;&#x9;at com.kms.katalon.core.main.TestCaseExecutor.execute(TestCaseExecutor.java:233)&#xD;&#xA;&#x9;at com.kms.katalon.core.main.TestSuiteExecutor.accessTestCaseMainPhase(TestSuiteExecutor.java:169)&#xD;&#xA;&#x9;at com.kms.katalon.core.main.TestSuiteExecutor.accessTestSuiteMainPhase(TestSuiteExecutor.java:142)&#xD;&#xA;&#x9;at com.kms.katalon.core.main.TestSuiteExecutor.execute(TestSuiteExecutor.java:91)&#xD;&#xA;&#x9;at com.kms.katalon.core.main.TestCaseMain.startTestSuite(TestCaseMain.java:157)&#xD;&#xA;&#x9;at com.kms.katalon.core.main.TestCaseMain$startTestSuite$0.call(Unknown Source)&#xD;&#xA;&#x9;at TempTestSuite1602166458471.run(TempTestSuite1602166458471.groovy:35)&#xD;&#xA;"/>
            <system-out>2020-10-08 19:48:12 - [TEST_CASE][ERROR] - Test Cases/Sprint/v4.4/freeformEntityCreation_Test: Test Cases/Sprint/v4.4/freeformEntityCreation_Test FAILED.
Reason:
org.openqa.selenium.ElementClickInterceptedException: element click intercepted: Element &lt;div _ngcontent-aic-c73="" class="textVal ng-star-inserted"&gt;...&lt;/div&gt; is not clickable at point (390, 262). Other element would receive the click: &lt;div class="cdk-overlay-backdrop popover-backdrop cdk-overlay-backdrop-showing"&gt;&lt;/div&gt;
  (Session info: chrome=86.0.4240.75)
Build info: version: '3.141.59', revision: 'e82be7d358', time: '2018-11-14T08:25:53'
System info: host: 'WLPT580', ip: '192.168.29.195', os.name: 'Windows 8.1', os.arch: 'amd64', os.version: '6.3', java.version: '1.8.0_181'
Driver info: com.kms.katalon.selenium.driver.CChromeDriver
Capabilities {acceptInsecureCerts: false, browserName: chrome, browserVersion: 86.0.4240.75, chrome: {chromedriverVersion: 86.0.4240.22 (398b0743353ff..., userDataDir: C:\Users\narendra.n\AppData...}, goog:chromeOptions: {debuggerAddress: localhost:61661}, javascriptEnabled: true, networkConnectionEnabled: false, pageLoadStrategy: normal, platform: WINDOWS, platformName: WINDOWS, proxy: Proxy(), setWindowRect: true, strictFileInteractability: false, timeouts: {implicit: 0, pageLoad: 300000, script: 30000}, unhandledPromptBehavior: dismiss and notify, webauthn:virtualAuthenticators: true}
Session ID: f4aa2d3cd9578d059c59939ab3f5bedc&#xD;
	at org.openqa.selenium.remote.http.W3CHttpResponseCodec.createException(W3CHttpResponseCodec.java:187)&#xD;
	at org.openqa.selenium.remote.http.W3CHttpResponseCodec.decode(W3CHttpResponseCodec.java:122)&#xD;
	at org.openqa.selenium.remote.http.W3CHttpResponseCodec.decode(W3CHttpResponseCodec.java:49)&#xD;
	at org.openqa.selenium.remote.HttpCommandExecutor.execute(HttpCommandExecutor.java:158)&#xD;
	at org.openqa.selenium.remote.service.DriverCommandExecutor.execute(DriverCommandExecutor.java:83)&#xD;
	at org.openqa.selenium.remote.RemoteWebDriver.execute(RemoteWebDriver.java:552)&#xD;
	at com.kms.katalon.selenium.driver.CChromeDriver.execute(CChromeDriver.java:20)&#xD;
	at org.openqa.selenium.remote.RemoteWebElement.execute(RemoteWebElement.java:285)&#xD;
	at org.openqa.selenium.remote.RemoteWebElement.click(RemoteWebElement.java:84)&#xD;
	at org.openqa.selenium.WebElement$click$0.call(Unknown Source)&#xD;
	at freeformEntityCreation_Test.run(freeformEntityCreation_Test:36)&#xD;
	at com.kms.katalon.core.main.ScriptEngine.run(ScriptEngine.java:194)&#xD;
	at com.kms.katalon.core.main.ScriptEngine.runScriptAsRawText(ScriptEngine.java:119)&#xD;
	at com.kms.katalon.core.main.TestCaseExecutor.runScript(TestCaseExecutor.java:337)&#xD;
	at com.kms.katalon.core.main.TestCaseExecutor.doExecute(TestCaseExecutor.java:328)&#xD;
	at com.kms.katalon.core.main.TestCaseExecutor.processExecutionPhase(TestCaseExecutor.java:307)&#xD;
	at com.kms.katalon.core.main.TestCaseExecutor.accessMainPhase(TestCaseExecutor.java:299)&#xD;
	at com.kms.katalon.core.main.TestCaseExecutor.execute(TestCaseExecutor.java:233)&#xD;
	at com.kms.katalon.core.main.TestSuiteExecutor.accessTestCaseMainPhase(TestSuiteExecutor.java:169)&#xD;
	at com.kms.katalon.core.main.TestSuiteExecutor.accessTestSuiteMainPhase(TestSuiteExecutor.java:142)&#xD;
	at com.kms.katalon.core.main.TestSuiteExecutor.execute(TestSuiteExecutor.java:91)&#xD;
	at com.kms.katalon.core.main.TestCaseMain.startTestSuite(TestCaseMain.java:157)&#xD;
	at com.kms.katalon.core.main.TestCaseMain$startTestSuite$0.call(Unknown Source)&#xD;
	at TempTestSuite1602166458471.run(TempTestSuite1602166458471.groovy:35)&#xD;
&#xD;
&#xD;
2020-10-08 19:48:13 - [TEST_STEP][PASSED] - platform.Method.clickOnElement(findTestObject("Generic/training")): platform.Method.clickOnElement is PASSED&#xD;
&#xD;
2020-10-08 19:48:15 - [MESSAGE][PASSED] - platform.Method.clickOnElement is PASSED&#xD;
&#xD;
2020-10-08 19:48:15 - [TEST_STEP][PASSED] - testData = findTestData("Data Files/testData_Task"): null&#xD;
&#xD;
2020-10-08 19:48:15 - [TEST_STEP][PASSED] - platform.Method.clickOnElement(findTestObject("Generic/webObjectWithText", ["textValue":"Entities"])): platform.Method.clickOnElement is PASSED&#xD;
&#xD;
2020-10-08 19:48:18 - [MESSAGE][PASSED] - platform.Method.clickOnElement is PASSED&#xD;
&#xD;
2020-10-08 19:48:18 - [TEST_STEP][PASSED] - comment(" *** SCENARIO 1 STARTED ***"):  *** SCENARIO 1 STARTED ***&#xD;
&#xD;
2020-10-08 19:48:18 - [MESSAGE][INFO] -  *** SCENARIO 1 STARTED ***&#xD;
&#xD;
2020-10-08 19:48:18 - [TEST_STEP][PASSED] - platform.Method.clickOnElement(findTestObject("Button/createEntity")): platform.Method.clickOnElement is PASSED&#xD;
&#xD;
2020-10-08 19:48:20 - [MESSAGE][PASSED] - platform.Method.clickOnElement is PASSED&#xD;
&#xD;
2020-10-08 19:48:20 - [TEST_STEP][PASSED] - platform.Training.createEntity(testData.getValue("freeform_entity", 1), " Free form ", null): platform.Training.createEntity is PASSED&#xD;
&#xD;
2020-10-08 19:48:23 - [MESSAGE][PASSED] - Keys 'freeform org' sent to object: 'Object Repository/Input/entityName'&#xD;
&#xD;
2020-10-08 19:48:25 - [MESSAGE][INFO] - Entity Type:  Free form &#xD;
&#xD;
2020-10-08 19:48:30 - [MESSAGE][PASSED] - platform.Training.createEntity is PASSED&#xD;
&#xD;
2020-10-08 19:48:30 - [TEST_STEP][PASSED] - waitForElementPresent(findTestObject("ICONS/toastMsg"), 20, CONTINUE_ON_FAILURE): Object 'Object Repository/ICONS/toastMsg' is present&#xD;
&#xD;
2020-10-08 19:48:31 - [MESSAGE][PASSED] - Object 'Object Repository/ICONS/toastMsg' is present&#xD;
&#xD;
2020-10-08 19:48:31 - [TEST_STEP][PASSED] - comment(" *** VALIDATION --&gt; ENTITY CREATION CHECK ***"):  *** VALIDATION --&gt; ENTITY CREATION CHECK ***&#xD;
&#xD;
2020-10-08 19:48:31 - [MESSAGE][INFO] -  *** VALIDATION --&gt; ENTITY CREATION CHECK ***&#xD;
&#xD;
2020-10-08 19:48:31 - [TEST_STEP][PASSED] - mapElement = findWebElements(findTestObject("GenericII/listOfEntityNames"), 5).get(0): null&#xD;
&#xD;
2020-10-08 19:48:32 - [TEST_STEP][PASSED] - assert getText().contentEquals("freeform org") == true: null&#xD;
&#xD;
2020-10-08 19:48:33 - [TEST_STEP][PASSED] - comment(" *** SCENARIO 2 STARTED ***"):  *** SCENARIO 2 STARTED ***&#xD;
&#xD;
2020-10-08 19:48:33 - [MESSAGE][INFO] -  *** SCENARIO 2 STARTED ***&#xD;
&#xD;
2020-10-08 19:48:33 - [TEST_STEP][PASSED] - mapElement.click(): null</system-out>
            <system-err>2020-10-08 19:48:12 - [TEST_CASE][ERROR] - Test Cases/Sprint/v4.4/freeformEntityCreation_Test: Test Cases/Sprint/v4.4/freeformEntityCreation_Test FAILED.
Reason:
org.openqa.selenium.ElementClickInterceptedException: element click intercepted: Element &lt;div _ngcontent-aic-c73="" class="textVal ng-star-inserted"&gt;...&lt;/div&gt; is not clickable at point (390, 262). Other element would receive the click: &lt;div class="cdk-overlay-backdrop popover-backdrop cdk-overlay-backdrop-showing"&gt;&lt;/div&gt;
  (Session info: chrome=86.0.4240.75)
Build info: version: '3.141.59', revision: 'e82be7d358', time: '2018-11-14T08:25:53'
System info: host: 'WLPT580', ip: '192.168.29.195', os.name: 'Windows 8.1', os.arch: 'amd64', os.version: '6.3', java.version: '1.8.0_181'
Driver info: com.kms.katalon.selenium.driver.CChromeDriver
Capabilities {acceptInsecureCerts: false, browserName: chrome, browserVersion: 86.0.4240.75, chrome: {chromedriverVersion: 86.0.4240.22 (398b0743353ff..., userDataDir: C:\Users\narendra.n\AppData...}, goog:chromeOptions: {debuggerAddress: localhost:61661}, javascriptEnabled: true, networkConnectionEnabled: false, pageLoadStrategy: normal, platform: WINDOWS, platformName: WINDOWS, proxy: Proxy(), setWindowRect: true, strictFileInteractability: false, timeouts: {implicit: 0, pageLoad: 300000, script: 30000}, unhandledPromptBehavior: dismiss and notify, webauthn:virtualAuthenticators: true}
Session ID: f4aa2d3cd9578d059c59939ab3f5bedc&#xD;
	at org.openqa.selenium.remote.http.W3CHttpResponseCodec.createException(W3CHttpResponseCodec.java:187)&#xD;
	at org.openqa.selenium.remote.http.W3CHttpResponseCodec.decode(W3CHttpResponseCodec.java:122)&#xD;
	at org.openqa.selenium.remote.http.W3CHttpResponseCodec.decode(W3CHttpResponseCodec.java:49)&#xD;
	at org.openqa.selenium.remote.HttpCommandExecutor.execute(HttpCommandExecutor.java:158)&#xD;
	at org.openqa.selenium.remote.service.DriverCommandExecutor.execute(DriverCommandExecutor.java:83)&#xD;
	at org.openqa.selenium.remote.RemoteWebDriver.execute(RemoteWebDriver.java:552)&#xD;
	at com.kms.katalon.selenium.driver.CChromeDriver.execute(CChromeDriver.java:20)&#xD;
	at org.openqa.selenium.remote.RemoteWebElement.execute(RemoteWebElement.java:285)&#xD;
	at org.openqa.selenium.remote.RemoteWebElement.click(RemoteWebElement.java:84)&#xD;
	at org.openqa.selenium.WebElement$click$0.call(Unknown Source)&#xD;
	at freeformEntityCreation_Test.run(freeformEntityCreation_Test:36)&#xD;
	at com.kms.katalon.core.main.ScriptEngine.run(ScriptEngine.java:194)&#xD;
	at com.kms.katalon.core.main.ScriptEngine.runScriptAsRawText(ScriptEngine.java:119)&#xD;
	at com.kms.katalon.core.main.TestCaseExecutor.runScript(TestCaseExecutor.java:337)&#xD;
	at com.kms.katalon.core.main.TestCaseExecutor.doExecute(TestCaseExecutor.java:328)&#xD;
	at com.kms.katalon.core.main.TestCaseExecutor.processExecutionPhase(TestCaseExecutor.java:307)&#xD;
	at com.kms.katalon.core.main.TestCaseExecutor.accessMainPhase(TestCaseExecutor.java:299)&#xD;
	at com.kms.katalon.core.main.TestCaseExecutor.execute(TestCaseExecutor.java:233)&#xD;
	at com.kms.katalon.core.main.TestSuiteExecutor.accessTestCaseMainPhase(TestSuiteExecutor.java:169)&#xD;
	at com.kms.katalon.core.main.TestSuiteExecutor.accessTestSuiteMainPhase(TestSuiteExecutor.java:142)&#xD;
	at com.kms.katalon.core.main.TestSuiteExecutor.execute(TestSuiteExecutor.java:91)&#xD;
	at com.kms.katalon.core.main.TestCaseMain.startTestSuite(TestCaseMain.java:157)&#xD;
	at com.kms.katalon.core.main.TestCaseMain$startTestSuite$0.call(Unknown Source)&#xD;
	at TempTestSuite1602166458471.run(TempTestSuite1602166458471.groovy:35)</system-err>
        </testcase>
        <testcase name="Test Cases/Sprint/v4.4/freeformEntityTaggingInIntent_Test" classname="Test Cases/Sprint/v4.4/freeformEntityTaggingInIntent_Test" status="ERROR">
            <error type="ERROR" message="Test Cases/Sprint/v4.4/freeformEntityTaggingInIntent_Test FAILED.&#xA;Reason:&#xA;org.codehaus.groovy.runtime.InvokerInvocationException: com.kms.katalon.core.webui.exception.WebElementNotFoundException: Web element with id: 'Object Repository/Button/createIntent' located by 'By.xpath: //button//span[contains(text(),'+ Create intent')]' not found&#xD;&#xA;&#x9;at platform.Method.invokeMethod(Method.groovy)&#xD;&#xA;&#x9;at com.kms.katalon.core.main.CustomKeywordDelegatingMetaClass.invokeStaticMethod(CustomKeywordDelegatingMetaClass.java:50)&#xD;&#xA;&#x9;at freeformEntityTaggingInIntent_Test.run(freeformEntityTaggingInIntent_Test:17)&#xD;&#xA;&#x9;at com.kms.katalon.core.main.ScriptEngine.run(ScriptEngine.java:194)&#xD;&#xA;&#x9;at com.kms.katalon.core.main.ScriptEngine.runScriptAsRawText(ScriptEngine.java:119)&#xD;&#xA;&#x9;at com.kms.katalon.core.main.TestCaseExecutor.runScript(TestCaseExecutor.java:337)&#xD;&#xA;&#x9;at com.kms.katalon.core.main.TestCaseExecutor.doExecute(TestCaseExecutor.java:328)&#xD;&#xA;&#x9;at com.kms.katalon.core.main.TestCaseExecutor.processExecutionPhase(TestCaseExecutor.java:307)&#xD;&#xA;&#x9;at com.kms.katalon.core.main.TestCaseExecutor.accessMainPhase(TestCaseExecutor.java:299)&#xD;&#xA;&#x9;at com.kms.katalon.core.main.TestCaseExecutor.execute(TestCaseExecutor.java:233)&#xD;&#xA;&#x9;at com.kms.katalon.core.main.TestSuiteExecutor.accessTestCaseMainPhase(TestSuiteExecutor.java:169)&#xD;&#xA;&#x9;at com.kms.katalon.core.main.TestSuiteExecutor.accessTestSuiteMainPhase(TestSuiteExecutor.java:142)&#xD;&#xA;&#x9;at com.kms.katalon.core.main.TestSuiteExecutor.execute(TestSuiteExecutor.java:91)&#xD;&#xA;&#x9;at com.kms.katalon.core.main.TestCaseMain.startTestSuite(TestCaseMain.java:157)&#xD;&#xA;&#x9;at com.kms.katalon.core.main.TestCaseMain$startTestSuite$0.call(Unknown Source)&#xD;&#xA;&#x9;at TempTestSuite1602166458471.run(TempTestSuite1602166458471.groovy:35)&#xD;&#xA;Caused by: com.kms.katalon.core.webui.exception.WebElementNotFoundException: Web element with id: 'Object Repository/Button/createIntent' located by 'By.xpath: //button//span[contains(text(),'+ Create intent')]' not found&#xD;&#xA;&#x9;at com.kms.katalon.core.webui.common.WebUiCommonHelper.findWebElement(WebUiCommonHelper.java:1097)&#xD;&#xA;&#x9;at com.kms.katalon.core.webui.common.WebUiCommonHelper$findWebElement.call(Unknown Source)&#xD;&#xA;&#x9;at platform.Method.clickOnElement(Method.groovy:32)&#xD;&#xA;&#x9;at platform.Training.addSingleUtterance(Training.groovy:21)&#xD;&#xA;&#x9;... 16 more&#xD;&#xA;"/>
            <system-out>2020-10-08 19:48:36 - [TEST_CASE][ERROR] - Test Cases/Sprint/v4.4/freeformEntityTaggingInIntent_Test: Test Cases/Sprint/v4.4/freeformEntityTaggingInIntent_Test FAILED.
Reason:
org.codehaus.groovy.runtime.InvokerInvocationException: com.kms.katalon.core.webui.exception.WebElementNotFoundException: Web element with id: 'Object Repository/Button/createIntent' located by 'By.xpath: //button//span[contains(text(),'+ Create intent')]' not found&#xD;
	at platform.Method.invokeMethod(Method.groovy)&#xD;
	at com.kms.katalon.core.main.CustomKeywordDelegatingMetaClass.invokeStaticMethod(CustomKeywordDelegatingMetaClass.java:50)&#xD;
	at freeformEntityTaggingInIntent_Test.run(freeformEntityTaggingInIntent_Test:17)&#xD;
	at com.kms.katalon.core.main.ScriptEngine.run(ScriptEngine.java:194)&#xD;
	at com.kms.katalon.core.main.ScriptEngine.runScriptAsRawText(ScriptEngine.java:119)&#xD;
	at com.kms.katalon.core.main.TestCaseExecutor.runScript(TestCaseExecutor.java:337)&#xD;
	at com.kms.katalon.core.main.TestCaseExecutor.doExecute(TestCaseExecutor.java:328)&#xD;
	at com.kms.katalon.core.main.TestCaseExecutor.processExecutionPhase(TestCaseExecutor.java:307)&#xD;
	at com.kms.katalon.core.main.TestCaseExecutor.accessMainPhase(TestCaseExecutor.java:299)&#xD;
	at com.kms.katalon.core.main.TestCaseExecutor.execute(TestCaseExecutor.java:233)&#xD;
	at com.kms.katalon.core.main.TestSuiteExecutor.accessTestCaseMainPhase(TestSuiteExecutor.java:169)&#xD;
	at com.kms.katalon.core.main.TestSuiteExecutor.accessTestSuiteMainPhase(TestSuiteExecutor.java:142)&#xD;
	at com.kms.katalon.core.main.TestSuiteExecutor.execute(TestSuiteExecutor.java:91)&#xD;
	at com.kms.katalon.core.main.TestCaseMain.startTestSuite(TestCaseMain.java:157)&#xD;
	at com.kms.katalon.core.main.TestCaseMain$startTestSuite$0.call(Unknown Source)&#xD;
	at TempTestSuite1602166458471.run(TempTestSuite1602166458471.groovy:35)&#xD;
Caused by: com.kms.katalon.core.webui.exception.WebElementNotFoundException: Web element with id: 'Object Repository/Button/createIntent' located by 'By.xpath: //button//span[contains(text(),'+ Create intent')]' not found&#xD;
	at com.kms.katalon.core.webui.common.WebUiCommonHelper.findWebElement(WebUiCommonHelper.java:1097)&#xD;
	at com.kms.katalon.core.webui.common.WebUiCommonHelper$findWebElement.call(Unknown Source)&#xD;
	at platform.Method.clickOnElement(Method.groovy:32)&#xD;
	at platform.Training.addSingleUtterance(Training.groovy:21)&#xD;
	... 16 more&#xD;
&#xD;
&#xD;
2020-10-08 19:48:36 - [TEST_STEP][PASSED] - platform.Method.clickOnElement(findTestObject("Generic/training")): platform.Method.clickOnElement is PASSED&#xD;
&#xD;
2020-10-08 19:48:38 - [MESSAGE][PASSED] - platform.Method.clickOnElement is PASSED&#xD;
&#xD;
2020-10-08 19:48:38 - [TEST_STEP][PASSED] - testData = findTestData("Data Files/testData_Task"): null&#xD;
&#xD;
2020-10-08 19:48:38 - [TEST_STEP][PASSED] - comment(" *** SCENARIO 1 STARTED *** "):  *** SCENARIO 1 STARTED *** &#xD;
&#xD;
2020-10-08 19:48:38 - [MESSAGE][INFO] -  *** SCENARIO 1 STARTED *** &#xD;
&#xD;
2020-10-08 19:48:38 - [TEST_STEP][ERROR] - platform.Training.addSingleUtterance(testData.getValue("map_utterance", 1)): com.kms.katalon.core.webui.exception.WebElementNotFoundException: Web element with id: 'Object Repository/Button/createIntent' located by 'By.xpath: //button//span[contains(text(),'+ Create intent')]' not found&#xD;
&#xD;
2020-10-08 19:48:45 - [MESSAGE][INFO] - Unable to find the element located by 'By.xpath: //button//span[contains(text(),'+ Create intent')]'. Please recheck the objects properties to make sure the desired element is located. &#xD;
&#xD;
2020-10-08 19:48:45 - [MESSAGE][ERROR] - com.kms.katalon.core.webui.exception.WebElementNotFoundException: Web element with id: 'Object Repository/Button/createIntent' located by 'By.xpath: //button//span[contains(text(),'+ Create intent')]' not found</system-out>
            <system-err>2020-10-08 19:48:36 - [TEST_CASE][ERROR] - Test Cases/Sprint/v4.4/freeformEntityTaggingInIntent_Test: Test Cases/Sprint/v4.4/freeformEntityTaggingInIntent_Test FAILED.
Reason:
org.codehaus.groovy.runtime.InvokerInvocationException: com.kms.katalon.core.webui.exception.WebElementNotFoundException: Web element with id: 'Object Repository/Button/createIntent' located by 'By.xpath: //button//span[contains(text(),'+ Create intent')]' not found&#xD;
	at platform.Method.invokeMethod(Method.groovy)&#xD;
	at com.kms.katalon.core.main.CustomKeywordDelegatingMetaClass.invokeStaticMethod(CustomKeywordDelegatingMetaClass.java:50)&#xD;
	at freeformEntityTaggingInIntent_Test.run(freeformEntityTaggingInIntent_Test:17)&#xD;
	at com.kms.katalon.core.main.ScriptEngine.run(ScriptEngine.java:194)&#xD;
	at com.kms.katalon.core.main.ScriptEngine.runScriptAsRawText(ScriptEngine.java:119)&#xD;
	at com.kms.katalon.core.main.TestCaseExecutor.runScript(TestCaseExecutor.java:337)&#xD;
	at com.kms.katalon.core.main.TestCaseExecutor.doExecute(TestCaseExecutor.java:328)&#xD;
	at com.kms.katalon.core.main.TestCaseExecutor.processExecutionPhase(TestCaseExecutor.java:307)&#xD;
	at com.kms.katalon.core.main.TestCaseExecutor.accessMainPhase(TestCaseExecutor.java:299)&#xD;
	at com.kms.katalon.core.main.TestCaseExecutor.execute(TestCaseExecutor.java:233)&#xD;
	at com.kms.katalon.core.main.TestSuiteExecutor.accessTestCaseMainPhase(TestSuiteExecutor.java:169)&#xD;
	at com.kms.katalon.core.main.TestSuiteExecutor.accessTestSuiteMainPhase(TestSuiteExecutor.java:142)&#xD;
	at com.kms.katalon.core.main.TestSuiteExecutor.execute(TestSuiteExecutor.java:91)&#xD;
	at com.kms.katalon.core.main.TestCaseMain.startTestSuite(TestCaseMain.java:157)&#xD;
	at com.kms.katalon.core.main.TestCaseMain$startTestSuite$0.call(Unknown Source)&#xD;
	at TempTestSuite1602166458471.run(TempTestSuite1602166458471.groovy:35)&#xD;
Caused by: com.kms.katalon.core.webui.exception.WebElementNotFoundException: Web element with id: 'Object Repository/Button/createIntent' located by 'By.xpath: //button//span[contains(text(),'+ Create intent')]' not found&#xD;
	at com.kms.katalon.core.webui.common.WebUiCommonHelper.findWebElement(WebUiCommonHelper.java:1097)&#xD;
	at com.kms.katalon.core.webui.common.WebUiCommonHelper$findWebElement.call(Unknown Source)&#xD;
	at platform.Method.clickOnElement(Method.groovy:32)&#xD;
	at platform.Training.addSingleUtterance(Training.groovy:21)&#xD;
	... 16 more</system-err>
        </testcase>
        <testcase name="Test Cases/Sprint/v4.4/freeformLinkToSlots_Test" classname="Test Cases/Sprint/v4.4/freeformLinkToSlots_Test" status="ERROR">
            <error type="ERROR" message="Test Cases/Sprint/v4.4/freeformLinkToSlots_Test FAILED.&#xA;Reason:&#xA;org.codehaus.groovy.runtime.InvokerInvocationException: com.kms.katalon.core.webui.exception.WebElementNotFoundException: Web element with id: 'Object Repository/Generic/webObjectWithText' located by 'By.xpath: //*[contains(text(),'freeform_test')]' not found&#xD;&#xA;&#x9;at platform.Method.invokeMethod(Method.groovy)&#xD;&#xA;&#x9;at com.kms.katalon.core.main.CustomKeywordDelegatingMetaClass.invokeStaticMethod(CustomKeywordDelegatingMetaClass.java:50)&#xD;&#xA;&#x9;at freeformLinkToSlots_Test.run(freeformLinkToSlots_Test:25)&#xD;&#xA;&#x9;at com.kms.katalon.core.main.ScriptEngine.run(ScriptEngine.java:194)&#xD;&#xA;&#x9;at com.kms.katalon.core.main.ScriptEngine.runScriptAsRawText(ScriptEngine.java:119)&#xD;&#xA;&#x9;at com.kms.katalon.core.main.TestCaseExecutor.runScript(TestCaseExecutor.java:337)&#xD;&#xA;&#x9;at com.kms.katalon.core.main.TestCaseExecutor.doExecute(TestCaseExecutor.java:328)&#xD;&#xA;&#x9;at com.kms.katalon.core.main.TestCaseExecutor.processExecutionPhase(TestCaseExecutor.java:307)&#xD;&#xA;&#x9;at com.kms.katalon.core.main.TestCaseExecutor.accessMainPhase(TestCaseExecutor.java:299)&#xD;&#xA;&#x9;at com.kms.katalon.core.main.TestCaseExecutor.execute(TestCaseExecutor.java:233)&#xD;&#xA;&#x9;at com.kms.katalon.core.main.TestSuiteExecutor.accessTestCaseMainPhase(TestSuiteExecutor.java:169)&#xD;&#xA;&#x9;at com.kms.katalon.core.main.TestSuiteExecutor.accessTestSuiteMainPhase(TestSuiteExecutor.java:142)&#xD;&#xA;&#x9;at com.kms.katalon.core.main.TestSuiteExecutor.execute(TestSuiteExecutor.java:91)&#xD;&#xA;&#x9;at com.kms.katalon.core.main.TestCaseMain.startTestSuite(TestCaseMain.java:157)&#xD;&#xA;&#x9;at com.kms.katalon.core.main.TestCaseMain$startTestSuite$0.call(Unknown Source)&#xD;&#xA;&#x9;at TempTestSuite1602166458471.run(TempTestSuite1602166458471.groovy:35)&#xD;&#xA;Caused by: com.kms.katalon.core.webui.exception.WebElementNotFoundException: Web element with id: 'Object Repository/Generic/webObjectWithText' located by 'By.xpath: //*[contains(text(),'freeform_test')]' not found&#xD;&#xA;&#x9;at com.kms.katalon.core.webui.common.WebUiCommonHelper.findWebElement(WebUiCommonHelper.java:1097)&#xD;&#xA;&#x9;at com.kms.katalon.core.webui.common.WebUiCommonHelper$findWebElement.call(Unknown Source)&#xD;&#xA;&#x9;at platform.Method.clickOnElement(Method.groovy:32)&#xD;&#xA;&#x9;... 16 more&#xD;&#xA;"/>
            <system-out>2020-10-08 19:48:45 - [TEST_CASE][ERROR] - Test Cases/Sprint/v4.4/freeformLinkToSlots_Test: Test Cases/Sprint/v4.4/freeformLinkToSlots_Test FAILED.
Reason:
org.codehaus.groovy.runtime.InvokerInvocationException: com.kms.katalon.core.webui.exception.WebElementNotFoundException: Web element with id: 'Object Repository/Generic/webObjectWithText' located by 'By.xpath: //*[contains(text(),'freeform_test')]' not found&#xD;
	at platform.Method.invokeMethod(Method.groovy)&#xD;
	at com.kms.katalon.core.main.CustomKeywordDelegatingMetaClass.invokeStaticMethod(CustomKeywordDelegatingMetaClass.java:50)&#xD;
	at freeformLinkToSlots_Test.run(freeformLinkToSlots_Test:25)&#xD;
	at com.kms.katalon.core.main.ScriptEngine.run(ScriptEngine.java:194)&#xD;
	at com.kms.katalon.core.main.ScriptEngine.runScriptAsRawText(ScriptEngine.java:119)&#xD;
	at com.kms.katalon.core.main.TestCaseExecutor.runScript(TestCaseExecutor.java:337)&#xD;
	at com.kms.katalon.core.main.TestCaseExecutor.doExecute(TestCaseExecutor.java:328)&#xD;
	at com.kms.katalon.core.main.TestCaseExecutor.processExecutionPhase(TestCaseExecutor.java:307)&#xD;
	at com.kms.katalon.core.main.TestCaseExecutor.accessMainPhase(TestCaseExecutor.java:299)&#xD;
	at com.kms.katalon.core.main.TestCaseExecutor.execute(TestCaseExecutor.java:233)&#xD;
	at com.kms.katalon.core.main.TestSuiteExecutor.accessTestCaseMainPhase(TestSuiteExecutor.java:169)&#xD;
	at com.kms.katalon.core.main.TestSuiteExecutor.accessTestSuiteMainPhase(TestSuiteExecutor.java:142)&#xD;
	at com.kms.katalon.core.main.TestSuiteExecutor.execute(TestSuiteExecutor.java:91)&#xD;
	at com.kms.katalon.core.main.TestCaseMain.startTestSuite(TestCaseMain.java:157)&#xD;
	at com.kms.katalon.core.main.TestCaseMain$startTestSuite$0.call(Unknown Source)&#xD;
	at TempTestSuite1602166458471.run(TempTestSuite1602166458471.groovy:35)&#xD;
Caused by: com.kms.katalon.core.webui.exception.WebElementNotFoundException: Web element with id: 'Object Repository/Generic/webObjectWithText' located by 'By.xpath: //*[contains(text(),'freeform_test')]' not found&#xD;
	at com.kms.katalon.core.webui.common.WebUiCommonHelper.findWebElement(WebUiCommonHelper.java:1097)&#xD;
	at com.kms.katalon.core.webui.common.WebUiCommonHelper$findWebElement.call(Unknown Source)&#xD;
	at platform.Method.clickOnElement(Method.groovy:32)&#xD;
	... 16 more&#xD;
&#xD;
&#xD;
2020-10-08 19:48:46 - [TEST_STEP][ERROR] - platform.Method.clickOnElement(findTestObject("Generic/webObjectWithText", ["textValue":"freeform_test"])): com.kms.katalon.core.webui.exception.WebElementNotFoundException: Web element with id: 'Object Repository/Generic/webObjectWithText' located by 'By.xpath: //*[contains(text(),'freeform_test')]' not found&#xD;
&#xD;
2020-10-08 19:48:52 - [MESSAGE][INFO] - Unable to find the element located by 'By.xpath: //*[contains(text(),'freeform_test')]'. Please recheck the objects properties to make sure the desired element is located. &#xD;
&#xD;
2020-10-08 19:48:52 - [MESSAGE][ERROR] - com.kms.katalon.core.webui.exception.WebElementNotFoundException: Web element with id: 'Object Repository/Generic/webObjectWithText' located by 'By.xpath: //*[contains(text(),'freeform_test')]' not found</system-out>
            <system-err>2020-10-08 19:48:45 - [TEST_CASE][ERROR] - Test Cases/Sprint/v4.4/freeformLinkToSlots_Test: Test Cases/Sprint/v4.4/freeformLinkToSlots_Test FAILED.
Reason:
org.codehaus.groovy.runtime.InvokerInvocationException: com.kms.katalon.core.webui.exception.WebElementNotFoundException: Web element with id: 'Object Repository/Generic/webObjectWithText' located by 'By.xpath: //*[contains(text(),'freeform_test')]' not found&#xD;
	at platform.Method.invokeMethod(Method.groovy)&#xD;
	at com.kms.katalon.core.main.CustomKeywordDelegatingMetaClass.invokeStaticMethod(CustomKeywordDelegatingMetaClass.java:50)&#xD;
	at freeformLinkToSlots_Test.run(freeformLinkToSlots_Test:25)&#xD;
	at com.kms.katalon.core.main.ScriptEngine.run(ScriptEngine.java:194)&#xD;
	at com.kms.katalon.core.main.ScriptEngine.runScriptAsRawText(ScriptEngine.java:119)&#xD;
	at com.kms.katalon.core.main.TestCaseExecutor.runScript(TestCaseExecutor.java:337)&#xD;
	at com.kms.katalon.core.main.TestCaseExecutor.doExecute(TestCaseExecutor.java:328)&#xD;
	at com.kms.katalon.core.main.TestCaseExecutor.processExecutionPhase(TestCaseExecutor.java:307)&#xD;
	at com.kms.katalon.core.main.TestCaseExecutor.accessMainPhase(TestCaseExecutor.java:299)&#xD;
	at com.kms.katalon.core.main.TestCaseExecutor.execute(TestCaseExecutor.java:233)&#xD;
	at com.kms.katalon.core.main.TestSuiteExecutor.accessTestCaseMainPhase(TestSuiteExecutor.java:169)&#xD;
	at com.kms.katalon.core.main.TestSuiteExecutor.accessTestSuiteMainPhase(TestSuiteExecutor.java:142)&#xD;
	at com.kms.katalon.core.main.TestSuiteExecutor.execute(TestSuiteExecutor.java:91)&#xD;
	at com.kms.katalon.core.main.TestCaseMain.startTestSuite(TestCaseMain.java:157)&#xD;
	at com.kms.katalon.core.main.TestCaseMain$startTestSuite$0.call(Unknown Source)&#xD;
	at TempTestSuite1602166458471.run(TempTestSuite1602166458471.groovy:35)&#xD;
Caused by: com.kms.katalon.core.webui.exception.WebElementNotFoundException: Web element with id: 'Object Repository/Generic/webObjectWithText' located by 'By.xpath: //*[contains(text(),'freeform_test')]' not found&#xD;
	at com.kms.katalon.core.webui.common.WebUiCommonHelper.findWebElement(WebUiCommonHelper.java:1097)&#xD;
	at com.kms.katalon.core.webui.common.WebUiCommonHelper$findWebElement.call(Unknown Source)&#xD;
	at platform.Method.clickOnElement(Method.groovy:32)&#xD;
	... 16 more</system-err>
        </testcase>
        <system-out>2020-10-08 19:44:28 - [TEST_SUITE][INCOMPLETE] - v4.4_TaskSuite: null</system-out>
        <system-err>2020-10-08 19:44:28 - [TEST_SUITE][INCOMPLETE] - v4.4_TaskSuite: null</system-err>
    </testsuite>
</testsuites>
